{"/home/travis/build/npmtest/node-npmtest-electron-updater/test.js":{"path":"/home/travis/build/npmtest/node-npmtest-electron-updater/test.js","s":{"1":2,"2":2,"3":2,"4":2,"5":2,"6":2,"7":2,"8":1,"9":2,"10":2,"11":1,"12":1,"13":1,"14":1,"15":2,"16":2,"17":2,"18":2,"19":1,"20":1,"21":2,"22":2,"23":2,"24":1,"25":1,"26":1,"27":1,"28":1,"29":1,"30":1,"31":1,"32":1,"33":1,"34":1,"35":1,"36":1,"37":1,"38":1,"39":2,"40":2,"41":1,"42":2,"43":2,"44":1,"45":2,"46":2,"47":1,"48":2,"49":2,"50":1,"51":1,"52":1,"53":1,"54":1},"b":{"1":[2,1,1,1],"2":[1,1,1,1],"3":[1,1],"4":[1,1],"5":[1,1],"6":[1,1],"7":[1,1],"8":[1,1],"9":[1,1],"10":[1,1,1],"11":[1,1],"12":[1,1],"13":[1,1],"14":[1,1],"15":[1,1],"16":[1,1],"17":[1,1]},"f":{"1":2,"2":2,"3":2,"4":2,"5":2,"6":1,"7":1,"8":1,"9":2,"10":2,"11":2,"12":2,"13":1},"fnMap":{"1":{"name":"(anonymous_1)","line":12,"loc":{"start":{"line":12,"column":1},"end":{"line":12,"column":13}}},"2":{"name":"(anonymous_2)","line":19,"loc":{"start":{"line":19,"column":5},"end":{"line":19,"column":17}}},"3":{"name":"(anonymous_3)","line":23,"loc":{"start":{"line":23,"column":24},"end":{"line":23,"column":36}}},"4":{"name":"(anonymous_4)","line":61,"loc":{"start":{"line":61,"column":5},"end":{"line":61,"column":17}}},"5":{"name":"(anonymous_5)","line":82,"loc":{"start":{"line":82,"column":5},"end":{"line":82,"column":17}}},"6":{"name":"(anonymous_6)","line":91,"loc":{"start":{"line":91,"column":77},"end":{"line":94,"column":10}}},"7":{"name":"(anonymous_7)","line":112,"loc":{"start":{"line":112,"column":83},"end":{"line":115,"column":10}},"skip":true},"8":{"name":"(anonymous_8)","line":123,"loc":{"start":{"line":123,"column":77},"end":{"line":126,"column":10}},"skip":true},"9":{"name":"(anonymous_9)","line":139,"loc":{"start":{"line":139,"column":12},"end":{"line":139,"column":40}},"skip":true},"10":{"name":"(anonymous_10)","line":147,"loc":{"start":{"line":147,"column":77},"end":{"line":150,"column":10}},"skip":true},"11":{"name":"(anonymous_11)","line":158,"loc":{"start":{"line":158,"column":83},"end":{"line":161,"column":10}},"skip":true},"12":{"name":"(anonymous_12)","line":169,"loc":{"start":{"line":169,"column":79},"end":{"line":172,"column":10}},"skip":true},"13":{"name":"(anonymous_13)","line":180,"loc":{"start":{"line":180,"column":75},"end":{"line":183,"column":10}},"skip":true}},"statementMap":{"1":{"start":{"line":12,"column":0},"end":{"line":195,"column":5}},"2":{"start":{"line":14,"column":4},"end":{"line":14,"column":14}},"3":{"start":{"line":19,"column":4},"end":{"line":56,"column":9}},"4":{"start":{"line":21,"column":8},"end":{"line":21,"column":19}},"5":{"start":{"line":23,"column":8},"end":{"line":35,"column":13}},"6":{"start":{"line":24,"column":12},"end":{"line":34,"column":13}},"7":{"start":{"line":25,"column":16},"end":{"line":28,"column":30}},"8":{"start":{"line":30,"column":16},"end":{"line":33,"column":27}},"9":{"start":{"line":37,"column":8},"end":{"line":39,"column":21}},"10":{"start":{"line":40,"column":8},"end":{"line":53,"column":9}},"11":{"start":{"line":43,"column":12},"end":{"line":46,"column":14}},"12":{"start":{"line":47,"column":12},"end":{"line":47,"column":18}},"13":{"start":{"line":50,"column":12},"end":{"line":51,"column":33}},"14":{"start":{"line":52,"column":12},"end":{"line":52,"column":18}},"15":{"start":{"line":55,"column":8},"end":{"line":55,"column":35}},"16":{"start":{"line":61,"column":4},"end":{"line":63,"column":9}},"17":{"start":{"line":62,"column":8},"end":{"line":62,"column":15}},"18":{"start":{"line":64,"column":4},"end":{"line":77,"column":5}},"19":{"start":{"line":70,"column":8},"end":{"line":70,"column":14}},"20":{"start":{"line":76,"column":8},"end":{"line":76,"column":14}},"21":{"start":{"line":82,"column":4},"end":{"line":84,"column":9}},"22":{"start":{"line":83,"column":8},"end":{"line":83,"column":15}},"23":{"start":{"line":85,"column":4},"end":{"line":194,"column":5}},"24":{"start":{"line":91,"column":8},"end":{"line":99,"column":10}},"25":{"start":{"line":98,"column":12},"end":{"line":98,"column":35}},"26":{"start":{"line":102,"column":8},"end":{"line":104,"column":63}},"27":{"start":{"line":105,"column":8},"end":{"line":105,"column":14}},"28":{"start":{"line":112,"column":8},"end":{"line":121,"column":10},"skip":true},"29":{"start":{"line":119,"column":12},"end":{"line":119,"column":55},"skip":true},"30":{"start":{"line":120,"column":12},"end":{"line":120,"column":48},"skip":true},"31":{"start":{"line":123,"column":8},"end":{"line":136,"column":10},"skip":true},"32":{"start":{"line":130,"column":12},"end":{"line":130,"column":76},"skip":true},"33":{"start":{"line":131,"column":12},"end":{"line":131,"column":73},"skip":true},"34":{"start":{"line":132,"column":12},"end":{"line":132,"column":74},"skip":true},"35":{"start":{"line":133,"column":12},"end":{"line":133,"column":79},"skip":true},"36":{"start":{"line":134,"column":12},"end":{"line":134,"column":25},"skip":true},"37":{"start":{"line":135,"column":12},"end":{"line":135,"column":45},"skip":true},"38":{"start":{"line":138,"column":8},"end":{"line":145,"column":14},"skip":true},"39":{"start":{"line":143,"column":16},"end":{"line":143,"column":29},"skip":true},"40":{"start":{"line":144,"column":16},"end":{"line":144,"column":55},"skip":true},"41":{"start":{"line":147,"column":8},"end":{"line":156,"column":10},"skip":true},"42":{"start":{"line":154,"column":12},"end":{"line":154,"column":25},"skip":true},"43":{"start":{"line":155,"column":12},"end":{"line":155,"column":45},"skip":true},"44":{"start":{"line":158,"column":8},"end":{"line":167,"column":10},"skip":true},"45":{"start":{"line":165,"column":12},"end":{"line":165,"column":25},"skip":true},"46":{"start":{"line":166,"column":12},"end":{"line":166,"column":48},"skip":true},"47":{"start":{"line":169,"column":8},"end":{"line":178,"column":10},"skip":true},"48":{"start":{"line":176,"column":12},"end":{"line":176,"column":25},"skip":true},"49":{"start":{"line":177,"column":12},"end":{"line":177,"column":46},"skip":true},"50":{"start":{"line":180,"column":8},"end":{"line":189,"column":10},"skip":true},"51":{"start":{"line":187,"column":12},"end":{"line":187,"column":94},"skip":true},"52":{"start":{"line":188,"column":12},"end":{"line":188,"column":48},"skip":true},"53":{"start":{"line":192,"column":8},"end":{"line":192,"column":35},"skip":true},"54":{"start":{"line":193,"column":8},"end":{"line":193,"column":14},"skip":true}},"branchMap":{"1":{"line":25,"type":"binary-expr","locations":[{"start":{"line":25,"column":23},"end":{"line":25,"column":62}},{"start":{"line":26,"column":20},"end":{"line":26,"column":70}},{"start":{"line":27,"column":20},"end":{"line":27,"column":71}},{"start":{"line":28,"column":20},"end":{"line":28,"column":29}}]},"2":{"line":30,"type":"binary-expr","locations":[{"start":{"line":30,"column":23},"end":{"line":30,"column":37}},{"start":{"line":31,"column":20},"end":{"line":31,"column":61}},{"start":{"line":32,"column":20},"end":{"line":32,"column":70}},{"start":{"line":33,"column":20},"end":{"line":33,"column":26}}]},"3":{"line":37,"type":"cond-expr","locations":[{"start":{"line":38,"column":14},"end":{"line":38,"column":20}},{"start":{"line":39,"column":14},"end":{"line":39,"column":20}}]},"4":{"line":40,"type":"switch","locations":[{"start":{"line":42,"column":8},"end":{"line":47,"column":18}},{"start":{"line":49,"column":8},"end":{"line":52,"column":18}}]},"5":{"line":44,"type":"binary-expr","locations":[{"start":{"line":44,"column":16},"end":{"line":44,"column":44}},{"start":{"line":44,"column":48},"end":{"line":44,"column":66}}]},"6":{"line":50,"type":"binary-expr","locations":[{"start":{"line":50,"column":21},"end":{"line":50,"column":49}},{"start":{"line":50,"column":53},"end":{"line":50,"column":72}}]},"7":{"line":64,"type":"switch","locations":[{"start":{"line":69,"column":4},"end":{"line":70,"column":14}},{"start":{"line":75,"column":4},"end":{"line":76,"column":14}}]},"8":{"line":85,"type":"switch","locations":[{"start":{"line":90,"column":4},"end":{"line":105,"column":14}},{"start":{"line":111,"column":4},"end":{"line":193,"column":14},"skip":true}]},"9":{"line":91,"type":"binary-expr","locations":[{"start":{"line":91,"column":42},"end":{"line":91,"column":73}},{"start":{"line":91,"column":77},"end":{"line":99,"column":9}}]},"10":{"line":102,"type":"binary-expr","locations":[{"start":{"line":102,"column":18},"end":{"line":102,"column":32}},{"start":{"line":103,"column":12},"end":{"line":103,"column":53}},{"start":{"line":104,"column":12},"end":{"line":104,"column":61}}]},"11":{"line":112,"type":"binary-expr","locations":[{"start":{"line":112,"column":45},"end":{"line":112,"column":79},"skip":true},{"start":{"line":112,"column":83},"end":{"line":121,"column":9},"skip":true}]},"12":{"line":123,"type":"binary-expr","locations":[{"start":{"line":123,"column":42},"end":{"line":123,"column":73},"skip":true},{"start":{"line":123,"column":77},"end":{"line":136,"column":9},"skip":true}]},"13":{"line":138,"type":"binary-expr","locations":[{"start":{"line":138,"column":48},"end":{"line":138,"column":85},"skip":true},{"start":{"line":139,"column":12},"end":{"line":145,"column":13},"skip":true}]},"14":{"line":147,"type":"binary-expr","locations":[{"start":{"line":147,"column":42},"end":{"line":147,"column":73},"skip":true},{"start":{"line":147,"column":77},"end":{"line":156,"column":9},"skip":true}]},"15":{"line":158,"type":"binary-expr","locations":[{"start":{"line":158,"column":45},"end":{"line":158,"column":79},"skip":true},{"start":{"line":158,"column":83},"end":{"line":167,"column":9},"skip":true}]},"16":{"line":169,"type":"binary-expr","locations":[{"start":{"line":169,"column":43},"end":{"line":169,"column":75},"skip":true},{"start":{"line":169,"column":79},"end":{"line":178,"column":9},"skip":true}]},"17":{"line":180,"type":"binary-expr","locations":[{"start":{"line":180,"column":41},"end":{"line":180,"column":71},"skip":true},{"start":{"line":180,"column":75},"end":{"line":189,"column":9},"skip":true}]}},"code":["/* istanbul instrument in package npmtest_electron_updater */","/*jslint","    bitwise: true,","    browser: true,","    maxerr: 8,","    maxlen: 96,","    node: true,","    nomen: true,","    regexp: true,","    stupid: true","*/","(function () {","    'use strict';","    var local;","","","","    // run shared js-env code - pre-init","    (function () {","        // init local","        local = {};","        // init modeJs","        local.modeJs = (function () {","            try {","                return typeof navigator.userAgent === 'string' &&","                    typeof document.querySelector('body') === 'object' &&","                    typeof XMLHttpRequest.prototype.open === 'function' &&","                    'browser';","            } catch (errorCaughtBrowser) {","                return module.exports &&","                    typeof process.versions.node === 'string' &&","                    typeof require('http').createServer === 'function' &&","                    'node';","            }","        }());","        // init global","        local.global = local.modeJs === 'browser'","            ? window","            : global;","        switch (local.modeJs) {","        // re-init local from window.local","        case 'browser':","            local = local.global.utility2.objectSetDefault(","                local.global.utility2_rollup || local.global.local,","                local.global.utility2","            );","            break;","        // re-init local from example.js","        case 'node':","            local = (local.global.utility2_rollup || require('utility2'))","                .requireReadme();","            break;","        }","        // export local","        local.global.local = local;","    }());","","","","    // run shared js-env code - function","    (function () {","        return;","    }());","    switch (local.modeJs) {","","","","    // run browser js-env code - function","    case 'browser':","        break;","","","","    // run node js-env code - function","    case 'node':","        break;","    }","","","","    // run shared js-env code - post-init","    (function () {","        return;","    }());","    switch (local.modeJs) {","","","","    // run browser js-env code - post-init","    case 'browser':","        local.testCase_browser_nullCase = local.testCase_browser_nullCase || function (","            options,","            onError","        ) {","        /*","         * this function will test browsers's null-case handling-behavior-behavior","         */","            onError(null, options);","        };","","        // run tests","        local.nop(local.modeTest &&","            document.querySelector('#testRunButton1') &&","            document.querySelector('#testRunButton1').click());","        break;","","","","    // run node js-env code - post-init","    /* istanbul ignore next */","    case 'node':","        local.testCase_buildApidoc_default = local.testCase_buildApidoc_default || function (","            options,","            onError","        ) {","        /*","         * this function will test buildApidoc's default handling-behavior-behavior","         */","            options = { modulePathList: module.paths };","            local.buildApidoc(options, onError);","        };","","        local.testCase_buildApp_default = local.testCase_buildApp_default || function (","            options,","            onError","        ) {","        /*","         * this function will test buildApp's default handling-behavior-behavior","         */","            local.testCase_buildReadme_default(options, local.onErrorThrow);","            local.testCase_buildLib_default(options, local.onErrorThrow);","            local.testCase_buildTest_default(options, local.onErrorThrow);","            local.testCase_buildCustomOrg_default(options, local.onErrorThrow);","            options = [];","            local.buildApp(options, onError);","        };","","        local.testCase_buildCustomOrg_default = local.testCase_buildCustomOrg_default ||","            function (options, onError) {","            /*","             * this function will test buildCustomOrg's default handling-behavior","             */","                options = {};","                local.buildCustomOrg(options, onError);","            };","","        local.testCase_buildLib_default = local.testCase_buildLib_default || function (","            options,","            onError","        ) {","        /*","         * this function will test buildLib's default handling-behavior","         */","            options = {};","            local.buildLib(options, onError);","        };","","        local.testCase_buildReadme_default = local.testCase_buildReadme_default || function (","            options,","            onError","        ) {","        /*","         * this function will test buildReadme's default handling-behavior-behavior","         */","            options = {};","            local.buildReadme(options, onError);","        };","","        local.testCase_buildTest_default = local.testCase_buildTest_default || function (","            options,","            onError","        ) {","        /*","         * this function will test buildTest's default handling-behavior","         */","            options = {};","            local.buildTest(options, onError);","        };","","        local.testCase_webpage_default = local.testCase_webpage_default || function (","            options,","            onError","        ) {","        /*","         * this function will test webpage's default handling-behavior","         */","            options = { modeCoverageMerge: true, url: local.serverLocalHost + '?modeTest=1' };","            local.browserTest(options, onError);","        };","","        // run test-server","        local.testRunServer(local);","        break;","    }","}());",""],"l":{"12":2,"14":2,"19":2,"21":2,"23":2,"24":2,"25":2,"30":1,"37":2,"40":2,"43":1,"47":1,"50":1,"52":1,"55":2,"61":2,"62":2,"64":2,"70":1,"76":1,"82":2,"83":2,"85":2,"91":1,"98":1,"102":1,"105":1,"112":1,"119":1,"120":1,"123":1,"130":1,"131":1,"132":1,"133":1,"134":1,"135":1,"138":1,"143":2,"144":2,"147":1,"154":2,"155":2,"158":1,"165":2,"166":2,"169":1,"176":2,"177":2,"180":1,"187":1,"188":1,"192":1,"193":1}},"/home/travis/build/npmtest/node-npmtest-electron-updater/lib.npmtest_electron_updater.js":{"path":"/home/travis/build/npmtest/node-npmtest-electron-updater/lib.npmtest_electron_updater.js","s":{"1":2,"2":2,"3":2,"4":2,"5":2,"6":2,"7":2,"8":1,"9":2,"10":2,"11":2,"12":2,"13":1,"14":1,"15":1,"16":1},"b":{"1":[2,1,1,1],"2":[1,1,1,1],"3":[1,1],"4":[2,2],"5":[1,1]},"f":{"1":2,"2":2,"3":2},"fnMap":{"1":{"name":"(anonymous_1)","line":12,"loc":{"start":{"line":12,"column":1},"end":{"line":12,"column":13}}},"2":{"name":"(anonymous_2)","line":19,"loc":{"start":{"line":19,"column":5},"end":{"line":19,"column":17}}},"3":{"name":"(anonymous_3)","line":23,"loc":{"start":{"line":23,"column":24},"end":{"line":23,"column":36}}}},"statementMap":{"1":{"start":{"line":12,"column":0},"end":{"line":53,"column":5}},"2":{"start":{"line":14,"column":4},"end":{"line":14,"column":14}},"3":{"start":{"line":19,"column":4},"end":{"line":52,"column":9}},"4":{"start":{"line":21,"column":8},"end":{"line":21,"column":19}},"5":{"start":{"line":23,"column":8},"end":{"line":35,"column":13}},"6":{"start":{"line":24,"column":12},"end":{"line":34,"column":13}},"7":{"start":{"line":25,"column":16},"end":{"line":28,"column":30}},"8":{"start":{"line":30,"column":16},"end":{"line":33,"column":27}},"9":{"start":{"line":37,"column":8},"end":{"line":39,"column":21}},"10":{"start":{"line":41,"column":8},"end":{"line":41,"column":54}},"11":{"start":{"line":43,"column":8},"end":{"line":43,"column":61}},"12":{"start":{"line":45,"column":8},"end":{"line":51,"column":9}},"13":{"start":{"line":46,"column":12},"end":{"line":46,"column":67}},"14":{"start":{"line":48,"column":12},"end":{"line":48,"column":35}},"15":{"start":{"line":49,"column":12},"end":{"line":49,"column":49}},"16":{"start":{"line":50,"column":12},"end":{"line":50,"column":43}}},"branchMap":{"1":{"line":25,"type":"binary-expr","locations":[{"start":{"line":25,"column":23},"end":{"line":25,"column":62}},{"start":{"line":26,"column":20},"end":{"line":26,"column":70}},{"start":{"line":27,"column":20},"end":{"line":27,"column":71}},{"start":{"line":28,"column":20},"end":{"line":28,"column":29}}]},"2":{"line":30,"type":"binary-expr","locations":[{"start":{"line":30,"column":23},"end":{"line":30,"column":37}},{"start":{"line":31,"column":20},"end":{"line":31,"column":61}},{"start":{"line":32,"column":20},"end":{"line":32,"column":70}},{"start":{"line":33,"column":20},"end":{"line":33,"column":26}}]},"3":{"line":37,"type":"cond-expr","locations":[{"start":{"line":38,"column":14},"end":{"line":38,"column":20}},{"start":{"line":39,"column":14},"end":{"line":39,"column":20}}]},"4":{"line":41,"type":"binary-expr","locations":[{"start":{"line":41,"column":16},"end":{"line":41,"column":44}},{"start":{"line":41,"column":48},"end":{"line":41,"column":53}}]},"5":{"line":45,"type":"if","locations":[{"start":{"line":45,"column":8},"end":{"line":45,"column":8}},{"start":{"line":45,"column":8},"end":{"line":45,"column":8}}]}},"code":["/* istanbul instrument in package npmtest_electron_updater */","/*jslint","    bitwise: true,","    browser: true,","    maxerr: 8,","    maxlen: 96,","    node: true,","    nomen: true,","    regexp: true,","    stupid: true","*/","(function () {","    'use strict';","    var local;","","","","    // run shared js-env code - pre-init","    (function () {","        // init local","        local = {};","        // init modeJs","        local.modeJs = (function () {","            try {","                return typeof navigator.userAgent === 'string' &&","                    typeof document.querySelector('body') === 'object' &&","                    typeof XMLHttpRequest.prototype.open === 'function' &&","                    'browser';","            } catch (errorCaughtBrowser) {","                return module.exports &&","                    typeof process.versions.node === 'string' &&","                    typeof require('http').createServer === 'function' &&","                    'node';","            }","        }());","        // init global","        local.global = local.modeJs === 'browser'","            ? window","            : global;","        // init utility2_rollup","        local = local.global.utility2_rollup || local;","        // init lib","        local.local = local.npmtest_electron_updater = local;","        // init exports","        if (local.modeJs === 'browser') {","            local.global.utility2_npmtest_electron_updater = local;","        } else {","            module.exports = local;","            module.exports.__dirname = __dirname;","            module.exports.module = module;","        }","    }());","}());",""],"l":{"12":2,"14":2,"19":2,"21":2,"23":2,"24":2,"25":2,"30":1,"37":2,"41":2,"43":2,"45":2,"46":1,"48":1,"49":1,"50":1}},"/home/travis/build/npmtest/node-npmtest-electron-updater/example.js":{"path":"/home/travis/build/npmtest/node-npmtest-electron-updater/example.js","s":{"1":2,"2":2,"3":2,"4":2,"5":2,"6":2,"7":2,"8":1,"9":2,"10":2,"11":2,"12":2,"13":1,"14":2,"15":2,"16":2,"17":2,"18":2,"19":0,"20":2,"21":1,"22":1,"23":1,"24":1,"25":1,"26":0,"27":0,"28":1,"29":1,"30":2,"31":0,"32":0,"33":0,"34":1,"35":2,"36":2,"37":3,"38":3,"39":3,"40":3,"41":0,"42":3,"43":3,"44":3,"45":1,"46":3,"47":1,"48":1,"49":1,"50":1,"51":1,"52":1,"53":1,"54":1,"55":1,"56":1,"57":0,"58":1,"59":6,"60":6,"61":1,"62":2,"63":0,"64":2,"65":1,"66":1,"67":0,"68":0,"69":0,"70":0,"71":0,"72":0,"73":0,"74":0,"75":0,"76":0,"77":0,"78":0,"79":0,"80":0,"81":0,"82":0,"83":0},"b":{"1":[2,1,1,1],"2":[1,1,1,1],"3":[1,1],"4":[2,2],"5":[1,1],"6":[1,1],"7":[2,0],"8":[2,1,1,1,1,1],"9":[0,2,0],"10":[1,1],"11":[2,1,1],"12":[1,0],"13":[0,2],"14":[2,0,0,0,0,0,0],"15":[0,3],"16":[3,0],"17":[1,1],"18":[0,1],"19":[1,2,0,2],"20":[1,0],"21":[1,1],"22":[0,0],"23":[0,0],"24":[0,0],"25":[0,0],"26":[0,0],"27":[0,0],"28":[0,0]},"f":{"1":2,"2":2,"3":2,"4":2,"5":2,"6":2,"7":3,"8":3,"9":3,"10":1,"11":6,"12":0},"fnMap":{"1":{"name":"(anonymous_1)","line":26,"loc":{"start":{"line":26,"column":1},"end":{"line":26,"column":13}}},"2":{"name":"(anonymous_2)","line":33,"loc":{"start":{"line":33,"column":5},"end":{"line":33,"column":17}}},"3":{"name":"(anonymous_3)","line":37,"loc":{"start":{"line":37,"column":24},"end":{"line":37,"column":36}}},"4":{"name":"(anonymous_4)","line":69,"loc":{"start":{"line":69,"column":31},"end":{"line":69,"column":48}},"skip":true},"5":{"name":"(anonymous_5)","line":78,"loc":{"start":{"line":78,"column":26},"end":{"line":78,"column":45}},"skip":true},"6":{"name":"(anonymous_6)","line":123,"loc":{"start":{"line":123,"column":33},"end":{"line":123,"column":48}},"skip":true},"7":{"name":"(anonymous_7)","line":125,"loc":{"start":{"line":125,"column":27},"end":{"line":125,"column":39}},"skip":true},"8":{"name":"(anonymous_8)","line":133,"loc":{"start":{"line":133,"column":59},"end":{"line":133,"column":74}},"skip":true},"9":{"name":"(anonymous_9)","line":143,"loc":{"start":{"line":143,"column":45},"end":{"line":143,"column":62}},"skip":true},"10":{"name":"(anonymous_10)","line":144,"loc":{"start":{"line":144,"column":73},"end":{"line":144,"column":92}},"skip":true},"11":{"name":"(anonymous_11)","line":272,"loc":{"start":{"line":272,"column":51},"end":{"line":272,"column":77}},"skip":true},"12":{"name":"(anonymous_12)","line":315,"loc":{"start":{"line":315,"column":32},"end":{"line":315,"column":61}},"skip":true}},"statementMap":{"1":{"start":{"line":26,"column":0},"end":{"line":326,"column":5}},"2":{"start":{"line":28,"column":4},"end":{"line":28,"column":14}},"3":{"start":{"line":33,"column":4},"end":{"line":60,"column":9}},"4":{"start":{"line":35,"column":8},"end":{"line":35,"column":19}},"5":{"start":{"line":37,"column":8},"end":{"line":49,"column":13}},"6":{"start":{"line":38,"column":12},"end":{"line":48,"column":13}},"7":{"start":{"line":39,"column":16},"end":{"line":42,"column":30}},"8":{"start":{"line":44,"column":16},"end":{"line":47,"column":27}},"9":{"start":{"line":51,"column":8},"end":{"line":53,"column":21}},"10":{"start":{"line":55,"column":8},"end":{"line":57,"column":45}},"11":{"start":{"line":59,"column":8},"end":{"line":59,"column":35}},"12":{"start":{"line":61,"column":4},"end":{"line":325,"column":5}},"13":{"start":{"line":69,"column":8},"end":{"line":121,"column":10},"skip":true},"14":{"start":{"line":70,"column":12},"end":{"line":88,"column":13},"skip":true},"15":{"start":{"line":76,"column":16},"end":{"line":87,"column":19},"skip":true},"16":{"start":{"line":79,"column":20},"end":{"line":86,"column":21},"skip":true},"17":{"start":{"line":82,"column":24},"end":{"line":82,"column":43},"skip":true},"18":{"start":{"line":83,"column":24},"end":{"line":83,"column":30},"skip":true},"19":{"start":{"line":85,"column":24},"end":{"line":85,"column":49},"skip":true},"20":{"start":{"line":89,"column":12},"end":{"line":107,"column":13},"skip":true},"21":{"start":{"line":92,"column":16},"end":{"line":102,"column":17},"skip":true},"22":{"start":{"line":93,"column":20},"end":{"line":93,"column":86},"skip":true},"23":{"start":{"line":94,"column":20},"end":{"line":95,"column":45},"skip":true},"24":{"start":{"line":96,"column":20},"end":{"line":96,"column":42},"skip":true},"25":{"start":{"line":97,"column":20},"end":{"line":97,"column":48},"skip":true},"26":{"start":{"line":100,"column":20},"end":{"line":100,"column":85},"skip":true},"27":{"start":{"line":101,"column":20},"end":{"line":101,"column":96},"skip":true},"28":{"start":{"line":103,"column":16},"end":{"line":103,"column":22},"skip":true},"29":{"start":{"line":106,"column":16},"end":{"line":106,"column":22},"skip":true},"30":{"start":{"line":108,"column":12},"end":{"line":120,"column":13},"skip":true},"31":{"start":{"line":114,"column":16},"end":{"line":119,"column":17},"skip":true},"32":{"start":{"line":116,"column":20},"end":{"line":116,"column":78},"skip":true},"33":{"start":{"line":118,"column":20},"end":{"line":118,"column":47},"skip":true},"34":{"start":{"line":123,"column":8},"end":{"line":141,"column":11},"skip":true},"35":{"start":{"line":124,"column":12},"end":{"line":124,"column":54},"skip":true},"36":{"start":{"line":125,"column":12},"end":{"line":140,"column":14},"skip":true},"37":{"start":{"line":126,"column":16},"end":{"line":126,"column":28},"skip":true},"38":{"start":{"line":127,"column":16},"end":{"line":127,"column":69},"skip":true},"39":{"start":{"line":128,"column":16},"end":{"line":128,"column":75},"skip":true},"40":{"start":{"line":129,"column":16},"end":{"line":131,"column":17},"skip":true},"41":{"start":{"line":130,"column":20},"end":{"line":130,"column":27},"skip":true},"42":{"start":{"line":133,"column":16},"end":{"line":137,"column":36},"skip":true},"43":{"start":{"line":134,"column":20},"end":{"line":136,"column":55},"skip":true},"44":{"start":{"line":139,"column":16},"end":{"line":139,"column":57},"skip":true},"45":{"start":{"line":143,"column":8},"end":{"line":147,"column":11},"skip":true},"46":{"start":{"line":144,"column":12},"end":{"line":146,"column":15},"skip":true},"47":{"start":{"line":145,"column":16},"end":{"line":145,"column":70},"skip":true},"48":{"start":{"line":149,"column":8},"end":{"line":149,"column":31},"skip":true},"49":{"start":{"line":150,"column":8},"end":{"line":150,"column":14},"skip":true},"50":{"start":{"line":158,"column":8},"end":{"line":158,"column":31},"skip":true},"51":{"start":{"line":160,"column":8},"end":{"line":160,"column":33},"skip":true},"52":{"start":{"line":161,"column":8},"end":{"line":161,"column":37},"skip":true},"53":{"start":{"line":162,"column":8},"end":{"line":162,"column":35},"skip":true},"54":{"start":{"line":164,"column":8},"end":{"line":164,"column":50},"skip":true},"55":{"start":{"line":166,"column":8},"end":{"line":256,"column":2},"skip":true},"56":{"start":{"line":258,"column":8},"end":{"line":286,"column":9},"skip":true},"57":{"start":{"line":259,"column":12},"end":{"line":269,"column":14},"skip":true},"58":{"start":{"line":271,"column":12},"end":{"line":285,"column":19},"skip":true},"59":{"start":{"line":274,"column":20},"end":{"line":274,"column":35},"skip":true},"60":{"start":{"line":275,"column":20},"end":{"line":284,"column":21},"skip":true},"61":{"start":{"line":277,"column":24},"end":{"line":277,"column":64},"skip":true},"62":{"start":{"line":279,"column":24},"end":{"line":279,"column":40},"skip":true},"63":{"start":{"line":281,"column":24},"end":{"line":281,"column":40},"skip":true},"64":{"start":{"line":283,"column":24},"end":{"line":283,"column":39},"skip":true},"65":{"start":{"line":288,"column":8},"end":{"line":290,"column":9},"skip":true},"66":{"start":{"line":289,"column":12},"end":{"line":289,"column":18},"skip":true},"67":{"start":{"line":291,"column":8},"end":{"line":293,"column":54},"skip":true},"68":{"start":{"line":296,"column":8},"end":{"line":301,"column":37},"skip":true},"69":{"start":{"line":303,"column":8},"end":{"line":303,"column":82},"skip":true},"70":{"start":{"line":306,"column":8},"end":{"line":308,"column":9},"skip":true},"71":{"start":{"line":307,"column":12},"end":{"line":307,"column":82},"skip":true},"72":{"start":{"line":310,"column":8},"end":{"line":312,"column":9},"skip":true},"73":{"start":{"line":311,"column":12},"end":{"line":311,"column":18},"skip":true},"74":{"start":{"line":313,"column":8},"end":{"line":313,"column":54},"skip":true},"75":{"start":{"line":314,"column":8},"end":{"line":314,"column":69},"skip":true},"76":{"start":{"line":315,"column":8},"end":{"line":323,"column":36},"skip":true},"77":{"start":{"line":316,"column":12},"end":{"line":316,"column":61},"skip":true},"78":{"start":{"line":317,"column":12},"end":{"line":320,"column":13},"skip":true},"79":{"start":{"line":318,"column":16},"end":{"line":318,"column":75},"skip":true},"80":{"start":{"line":319,"column":16},"end":{"line":319,"column":23},"skip":true},"81":{"start":{"line":321,"column":12},"end":{"line":321,"column":38},"skip":true},"82":{"start":{"line":322,"column":12},"end":{"line":322,"column":27},"skip":true},"83":{"start":{"line":324,"column":8},"end":{"line":324,"column":14},"skip":true}},"branchMap":{"1":{"line":39,"type":"binary-expr","locations":[{"start":{"line":39,"column":23},"end":{"line":39,"column":62}},{"start":{"line":40,"column":20},"end":{"line":40,"column":70}},{"start":{"line":41,"column":20},"end":{"line":41,"column":71}},{"start":{"line":42,"column":20},"end":{"line":42,"column":29}}]},"2":{"line":44,"type":"binary-expr","locations":[{"start":{"line":44,"column":23},"end":{"line":44,"column":37}},{"start":{"line":45,"column":20},"end":{"line":45,"column":61}},{"start":{"line":46,"column":20},"end":{"line":46,"column":70}},{"start":{"line":47,"column":20},"end":{"line":47,"column":26}}]},"3":{"line":51,"type":"cond-expr","locations":[{"start":{"line":52,"column":14},"end":{"line":52,"column":20}},{"start":{"line":53,"column":14},"end":{"line":53,"column":20}}]},"4":{"line":55,"type":"binary-expr","locations":[{"start":{"line":55,"column":16},"end":{"line":55,"column":44}},{"start":{"line":55,"column":49},"end":{"line":57,"column":43}}]},"5":{"line":55,"type":"cond-expr","locations":[{"start":{"line":56,"column":14},"end":{"line":56,"column":60}},{"start":{"line":57,"column":14},"end":{"line":57,"column":43}}]},"6":{"line":61,"type":"switch","locations":[{"start":{"line":68,"column":4},"end":{"line":150,"column":14},"skip":true},{"start":{"line":156,"column":4},"end":{"line":324,"column":14},"skip":true}]},"7":{"line":70,"type":"if","locations":[{"start":{"line":70,"column":12},"end":{"line":70,"column":12},"skip":true},{"start":{"line":70,"column":12},"end":{"line":70,"column":12},"skip":true}]},"8":{"line":70,"type":"binary-expr","locations":[{"start":{"line":70,"column":16},"end":{"line":70,"column":22},"skip":true},{"start":{"line":70,"column":27},"end":{"line":70,"column":32},"skip":true},{"start":{"line":71,"column":20},"end":{"line":71,"column":39},"skip":true},{"start":{"line":72,"column":20},"end":{"line":72,"column":49},"skip":true},{"start":{"line":73,"column":20},"end":{"line":73,"column":58},"skip":true},{"start":{"line":74,"column":20},"end":{"line":74,"column":69},"skip":true}]},"9":{"line":79,"type":"switch","locations":[{"start":{"line":80,"column":20},"end":{"line":80,"column":33},"skip":true},{"start":{"line":81,"column":20},"end":{"line":83,"column":30},"skip":true},{"start":{"line":84,"column":20},"end":{"line":85,"column":49},"skip":true}]},"10":{"line":89,"type":"switch","locations":[{"start":{"line":90,"column":12},"end":{"line":103,"column":22},"skip":true},{"start":{"line":105,"column":12},"end":{"line":106,"column":22},"skip":true}]},"11":{"line":89,"type":"binary-expr","locations":[{"start":{"line":89,"column":20},"end":{"line":89,"column":25},"skip":true},{"start":{"line":89,"column":29},"end":{"line":89,"column":48},"skip":true},{"start":{"line":89,"column":52},"end":{"line":89,"column":74},"skip":true}]},"12":{"line":92,"type":"if","locations":[{"start":{"line":92,"column":16},"end":{"line":92,"column":16},"skip":true},{"start":{"line":92,"column":16},"end":{"line":92,"column":16},"skip":true}]},"13":{"line":108,"type":"if","locations":[{"start":{"line":108,"column":12},"end":{"line":108,"column":12},"skip":true},{"start":{"line":108,"column":12},"end":{"line":108,"column":12},"skip":true}]},"14":{"line":108,"type":"binary-expr","locations":[{"start":{"line":108,"column":16},"end":{"line":108,"column":61},"skip":true},{"start":{"line":108,"column":66},"end":{"line":108,"column":72},"skip":true},{"start":{"line":108,"column":77},"end":{"line":108,"column":82},"skip":true},{"start":{"line":109,"column":20},"end":{"line":109,"column":39},"skip":true},{"start":{"line":110,"column":20},"end":{"line":110,"column":49},"skip":true},{"start":{"line":111,"column":20},"end":{"line":111,"column":58},"skip":true},{"start":{"line":112,"column":20},"end":{"line":112,"column":68},"skip":true}]},"15":{"line":129,"type":"if","locations":[{"start":{"line":129,"column":16},"end":{"line":129,"column":16},"skip":true},{"start":{"line":129,"column":16},"end":{"line":129,"column":16},"skip":true}]},"16":{"line":134,"type":"cond-expr","locations":[{"start":{"line":135,"column":26},"end":{"line":135,"column":29},"skip":true},{"start":{"line":136,"column":26},"end":{"line":136,"column":54},"skip":true}]},"17":{"line":164,"type":"binary-expr","locations":[{"start":{"line":164,"column":27},"end":{"line":164,"column":43},"skip":true},{"start":{"line":164,"column":47},"end":{"line":164,"column":49},"skip":true}]},"18":{"line":258,"type":"if","locations":[{"start":{"line":258,"column":8},"end":{"line":258,"column":8},"skip":true},{"start":{"line":258,"column":8},"end":{"line":258,"column":8},"skip":true}]},"19":{"line":275,"type":"switch","locations":[{"start":{"line":276,"column":20},"end":{"line":277,"column":64},"skip":true},{"start":{"line":278,"column":20},"end":{"line":279,"column":40},"skip":true},{"start":{"line":280,"column":20},"end":{"line":281,"column":40},"skip":true},{"start":{"line":282,"column":20},"end":{"line":283,"column":39},"skip":true}]},"20":{"line":288,"type":"if","locations":[{"start":{"line":288,"column":8},"end":{"line":288,"column":8},"skip":true},{"start":{"line":288,"column":8},"end":{"line":288,"column":8},"skip":true}]},"21":{"line":288,"type":"binary-expr","locations":[{"start":{"line":288,"column":12},"end":{"line":288,"column":40},"skip":true},{"start":{"line":288,"column":44},"end":{"line":288,"column":67},"skip":true}]},"22":{"line":292,"type":"binary-expr","locations":[{"start":{"line":292,"column":12},"end":{"line":292,"column":50},"skip":true},{"start":{"line":293,"column":12},"end":{"line":293,"column":53},"skip":true}]},"23":{"line":297,"type":"binary-expr","locations":[{"start":{"line":297,"column":12},"end":{"line":297,"column":74},"skip":true},{"start":{"line":298,"column":12},"end":{"line":301,"column":36},"skip":true}]},"24":{"line":303,"type":"binary-expr","locations":[{"start":{"line":303,"column":43},"end":{"line":303,"column":75},"skip":true},{"start":{"line":303,"column":79},"end":{"line":303,"column":81},"skip":true}]},"25":{"line":306,"type":"if","locations":[{"start":{"line":306,"column":8},"end":{"line":306,"column":8},"skip":true},{"start":{"line":306,"column":8},"end":{"line":306,"column":8},"skip":true}]},"26":{"line":310,"type":"if","locations":[{"start":{"line":310,"column":8},"end":{"line":310,"column":8},"skip":true},{"start":{"line":310,"column":8},"end":{"line":310,"column":8},"skip":true}]},"27":{"line":313,"type":"binary-expr","locations":[{"start":{"line":313,"column":27},"end":{"line":313,"column":43},"skip":true},{"start":{"line":313,"column":47},"end":{"line":313,"column":53},"skip":true}]},"28":{"line":317,"type":"if","locations":[{"start":{"line":317,"column":12},"end":{"line":317,"column":12},"skip":true},{"start":{"line":317,"column":12},"end":{"line":317,"column":12},"skip":true}]}},"code":["/*","example.js","","quickstart example","","instruction","    1. save this script as example.js","    2. run the shell command:","        $ npm install npmtest-electron-updater && PORT=8081 node example.js","    3. play with the browser-demo on http://127.0.0.1:8081","*/","","","","/* istanbul instrument in package npmtest_electron_updater */","/*jslint","    bitwise: true,","    browser: true,","    maxerr: 8,","    maxlen: 96,","    node: true,","    nomen: true,","    regexp: true,","    stupid: true","*/","(function () {","    'use strict';","    var local;","","","","    // run shared js-env code - pre-init","    (function () {","        // init local","        local = {};","        // init modeJs","        local.modeJs = (function () {","            try {","                return typeof navigator.userAgent === 'string' &&","                    typeof document.querySelector('body') === 'object' &&","                    typeof XMLHttpRequest.prototype.open === 'function' &&","                    'browser';","            } catch (errorCaughtBrowser) {","                return module.exports &&","                    typeof process.versions.node === 'string' &&","                    typeof require('http').createServer === 'function' &&","                    'node';","            }","        }());","        // init global","        local.global = local.modeJs === 'browser'","            ? window","            : global;","        // init utility2_rollup","        local = local.global.utility2_rollup || (local.modeJs === 'browser'","            ? local.global.utility2_npmtest_electron_updater","            : global.utility2_moduleExports);","        // export local","        local.global.local = local;","    }());","    switch (local.modeJs) {","","","","    // post-init","    // run browser js-env code - post-init","    /* istanbul ignore next */","    case 'browser':","        local.testRunBrowser = function (event) {","            if (!event || (event &&","                    event.currentTarget &&","                    event.currentTarget.className &&","                    event.currentTarget.className.includes &&","                    event.currentTarget.className.includes('onreset'))) {","                // reset output","                Array.from(","                    document.querySelectorAll('body > .resettable')","                ).forEach(function (element) {","                    switch (element.tagName) {","                    case 'INPUT':","                    case 'TEXTAREA':","                        element.value = '';","                        break;","                    default:","                        element.textContent = '';","                    }","                });","            }","            switch (event && event.currentTarget && event.currentTarget.id) {","            case 'testRunButton1':","                // show tests","                if (document.querySelector('#testReportDiv1').style.display === 'none') {","                    document.querySelector('#testReportDiv1').style.display = 'block';","                    document.querySelector('#testRunButton1').textContent =","                        'hide internal test';","                    local.modeTest = true;","                    local.testRunDefault(local);","                // hide tests","                } else {","                    document.querySelector('#testReportDiv1').style.display = 'none';","                    document.querySelector('#testRunButton1').textContent = 'run internal test';","                }","                break;","            // custom-case","            default:","                break;","            }","            if (document.querySelector('#inputTextareaEval1') && (!event || (event &&","                    event.currentTarget &&","                    event.currentTarget.className &&","                    event.currentTarget.className.includes &&","                    event.currentTarget.className.includes('oneval')))) {","                // try to eval input-code","                try {","                    /*jslint evil: true*/","                    eval(document.querySelector('#inputTextareaEval1').value);","                } catch (errorCaught) {","                    console.error(errorCaught);","                }","            }","        };","        // log stderr and stdout to #outputTextareaStdout1","        ['error', 'log'].forEach(function (key) {","            console[key + '_original'] = console[key];","            console[key] = function () {","                var element;","                console[key + '_original'].apply(console, arguments);","                element = document.querySelector('#outputTextareaStdout1');","                if (!element) {","                    return;","                }","                // append text to #outputTextareaStdout1","                element.value += Array.from(arguments).map(function (arg) {","                    return typeof arg === 'string'","                        ? arg","                        : JSON.stringify(arg, null, 4);","                }).join(' ') + '\\n';","                // scroll textarea to bottom","                element.scrollTop = element.scrollHeight;","            };","        });","        // init event-handling","        ['change', 'click', 'keyup'].forEach(function (event) {","            Array.from(document.querySelectorAll('.on' + event)).forEach(function (element) {","                element.addEventListener(event, local.testRunBrowser);","            });","        });","        // run tests","        local.testRunBrowser();","        break;","","","","    // run node js-env code - post-init","    /* istanbul ignore next */","    case 'node':","        // export local","        module.exports = local;","        // require modules","        local.fs = require('fs');","        local.http = require('http');","        local.url = require('url');","        // init assets","        local.assetsDict = local.assetsDict || {};","        /* jslint-ignore-begin */","        local.assetsDict['/assets.index.template.html'] = '\\","<!doctype html>\\n\\","<html lang=\"en\">\\n\\","<head>\\n\\","<meta charset=\"UTF-8\">\\n\\","<meta name=\"viewport\" content=\"width=device-width, initial-scale=1\">\\n\\","<title>{{env.npm_package_name}} (v{{env.npm_package_version}})</title>\\n\\","<style>\\n\\","/*csslint\\n\\","    box-sizing: false,\\n\\","    universal-selector: false\\n\\","*/\\n\\","* {\\n\\","    box-sizing: border-box;\\n\\","}\\n\\","body {\\n\\","    background: #dde;\\n\\","    font-family: Arial, Helvetica, sans-serif;\\n\\","    margin: 2rem;\\n\\","}\\n\\","body > * {\\n\\","    margin-bottom: 1rem;\\n\\","}\\n\\",".utility2FooterDiv {\\n\\","    margin-top: 20px;\\n\\","    text-align: center;\\n\\","}\\n\\","</style>\\n\\","<style>\\n\\","/*csslint\\n\\","*/\\n\\","textarea {\\n\\","    font-family: monospace;\\n\\","    height: 10rem;\\n\\","    width: 100%;\\n\\","}\\n\\","textarea[readonly] {\\n\\","    background: #ddd;\\n\\","}\\n\\","</style>\\n\\","</head>\\n\\","<body>\\n\\","<!-- utility2-comment\\n\\","<div id=\"ajaxProgressDiv1\" style=\"background: #d00; height: 2px; left: 0; margin: 0; padding: 0; position: fixed; top: 0; transition: background 0.5s, width 1.5s; width: 25%;\"></div>\\n\\","utility2-comment -->\\n\\","<h1>\\n\\","<!-- utility2-comment\\n\\","    <a\\n\\","        {{#if env.npm_package_homepage}}\\n\\","        href=\"{{env.npm_package_homepage}}\"\\n\\","        {{/if env.npm_package_homepage}}\\n\\","        target=\"_blank\"\\n\\","    >\\n\\","utility2-comment -->\\n\\","        {{env.npm_package_name}} (v{{env.npm_package_version}})\\n\\","<!-- utility2-comment\\n\\","    </a>\\n\\","utility2-comment -->\\n\\","</h1>\\n\\","<h3>{{env.npm_package_description}}</h3>\\n\\","<!-- utility2-comment\\n\\","<h4><a download href=\"assets.app.js\">download standalone app</a></h4>\\n\\","<button class=\"onclick onreset\" id=\"testRunButton1\">run internal test</button><br>\\n\\","<div id=\"testReportDiv1\" style=\"display: none;\"></div>\\n\\","utility2-comment -->\\n\\","\\n\\","\\n\\","\\n\\","<label>stderr and stdout</label>\\n\\","<textarea class=\"resettable\" id=\"outputTextareaStdout1\" readonly></textarea>\\n\\","<!-- utility2-comment\\n\\","{{#if isRollup}}\\n\\","<script src=\"assets.app.js\"></script>\\n\\","{{#unless isRollup}}\\n\\","utility2-comment -->\\n\\","<script src=\"assets.utility2.rollup.js\"></script>\\n\\","<script src=\"jsonp.utility2._stateInit?callback=window.utility2._stateInit\"></script>\\n\\","<script src=\"assets.npmtest_electron_updater.rollup.js\"></script>\\n\\","<script src=\"assets.example.js\"></script>\\n\\","<script src=\"assets.test.js\"></script>\\n\\","<!-- utility2-comment\\n\\","{{/if isRollup}}\\n\\","utility2-comment -->\\n\\","<div class=\"utility2FooterDiv\">\\n\\","    [ this app was created with\\n\\","    <a href=\"https://github.com/kaizhu256/node-utility2\" target=\"_blank\">utility2</a>\\n\\","    ]\\n\\","</div>\\n\\","</body>\\n\\","</html>\\n\\","';","        /* jslint-ignore-end */","        if (local.templateRender) {","            local.assetsDict['/'] = local.templateRender(","                local.assetsDict['/assets.index.template.html'],","                {","                    env: local.objectSetDefault(local.env, {","                        npm_package_description: 'the greatest app in the world!',","                        npm_package_name: 'my-app',","                        npm_package_nameAlias: 'my_app',","                        npm_package_version: '0.0.1'","                    })","                }","            );","        } else {","            local.assetsDict['/'] = local.assetsDict['/assets.index.template.html']","                .replace((/\\{\\{env\\.(\\w+?)\\}\\}/g), function (match0, match1) {","                    // jslint-hack","                    String(match0);","                    switch (match1) {","                    case 'npm_package_description':","                        return 'the greatest app in the world!';","                    case 'npm_package_name':","                        return 'my-app';","                    case 'npm_package_nameAlias':","                        return 'my_app';","                    case 'npm_package_version':","                        return '0.0.1';","                    }","                });","        }","        // run the cli","        if (local.global.utility2_rollup || module !== require.main) {","            break;","        }","        local.assetsDict['/assets.example.js'] =","            local.assetsDict['/assets.example.js'] ||","            local.fs.readFileSync(__filename, 'utf8');","        // bug-workaround - long $npm_package_buildCustomOrg","        /* jslint-ignore-begin */","        local.assetsDict['/assets.npmtest_electron_updater.rollup.js'] =","            local.assetsDict['/assets.npmtest_electron_updater.rollup.js'] ||","            local.fs.readFileSync(","                local.npmtest_electron_updater.__dirname + '/lib.npmtest_electron_updater.js',","                'utf8'","            ).replace((/^#!/), '//');","        /* jslint-ignore-end */","        local.assetsDict['/favicon.ico'] = local.assetsDict['/favicon.ico'] || '';","        // if $npm_config_timeout_exit exists,","        // then exit this process after $npm_config_timeout_exit ms","        if (Number(process.env.npm_config_timeout_exit)) {","            setTimeout(process.exit, Number(process.env.npm_config_timeout_exit));","        }","        // start server","        if (local.global.utility2_serverHttp1) {","            break;","        }","        process.env.PORT = process.env.PORT || '8081';","        console.error('server starting on port ' + process.env.PORT);","        local.http.createServer(function (request, response) {","            request.urlParsed = local.url.parse(request.url);","            if (local.assetsDict[request.urlParsed.pathname] !== undefined) {","                response.end(local.assetsDict[request.urlParsed.pathname]);","                return;","            }","            response.statusCode = 404;","            response.end();","        }).listen(process.env.PORT);","        break;","    }","}());",""],"l":{"26":2,"28":2,"33":2,"35":2,"37":2,"38":2,"39":2,"44":1,"51":2,"55":2,"59":2,"61":2,"69":1,"70":2,"76":2,"79":2,"82":2,"83":2,"85":1,"89":2,"92":1,"93":1,"94":1,"96":1,"97":1,"100":1,"101":1,"103":1,"106":1,"108":2,"114":1,"116":1,"118":1,"123":1,"124":2,"125":2,"126":3,"127":3,"128":3,"129":3,"130":1,"133":3,"134":3,"139":3,"143":1,"144":3,"145":1,"149":1,"150":1,"158":1,"160":1,"161":1,"162":1,"164":1,"166":1,"258":1,"259":1,"271":1,"274":6,"275":6,"277":1,"279":2,"281":1,"283":2,"288":1,"289":1,"291":1,"296":1,"303":1,"306":1,"307":1,"310":1,"311":1,"313":1,"314":1,"315":1,"316":1,"317":1,"318":1,"319":1,"321":1,"322":1,"324":1}},"/home/travis/build/npmtest/node-npmtest-electron-updater/node_modules/electron-updater/out/main.js":{"path":"/home/travis/build/npmtest/node-npmtest-electron-updater/node_modules/electron-updater/out/main.js","s":{"1":2,"2":2,"3":2,"4":0,"5":2,"6":0,"7":2,"8":0},"b":{"1":[0,2],"2":[0,2]},"f":{},"fnMap":{},"statementMap":{"1":{"start":{"line":3,"column":0},"end":{"line":5,"column":3}},"2":{"start":{"line":6,"column":0},"end":{"line":6,"column":9}},"3":{"start":{"line":7,"column":0},"end":{"line":13,"column":1}},"4":{"start":{"line":8,"column":4},"end":{"line":8,"column":56}},"5":{"start":{"line":9,"column":7},"end":{"line":13,"column":1}},"6":{"start":{"line":10,"column":4},"end":{"line":10,"column":54}},"7":{"start":{"line":12,"column":4},"end":{"line":12,"column":43}},"8":{"start":{"line":14,"column":0},"end":{"line":14,"column":47}}},"branchMap":{"1":{"line":7,"type":"if","locations":[{"start":{"line":7,"column":0},"end":{"line":7,"column":0}},{"start":{"line":7,"column":0},"end":{"line":7,"column":0}}]},"2":{"line":9,"type":"if","locations":[{"start":{"line":9,"column":7},"end":{"line":9,"column":7}},{"start":{"line":9,"column":7},"end":{"line":9,"column":7}}]}},"code":["\"use strict\";","","Object.defineProperty(exports, \"__esModule\", {","    value: true","});","let impl;","if (process.platform === \"win32\") {","    impl = new (require(\"./NsisUpdater\").NsisUpdater)();","} else if (process.platform === \"darwin\") {","    impl = new (require(\"./MacUpdater\").MacUpdater)();","} else {","    impl = require(\"electron\").autoUpdater;","}","const autoUpdater = exports.autoUpdater = impl;","//# sourceMappingURL=main.js.map"],"l":{"3":2,"6":2,"7":2,"8":0,"9":2,"10":0,"12":2,"14":0}},"/home/travis/build/npmtest/node-npmtest-electron-updater/node_modules/electron-updater/out/api.js":{"path":"/home/travis/build/npmtest/node-npmtest-electron-updater/node_modules/electron-updater/out/api.js","s":{"1":1,"2":1,"3":1,"4":1,"5":1,"6":1,"7":1,"8":1,"9":1,"10":0,"11":0,"12":1,"13":1,"14":0,"15":1,"16":0,"17":1,"18":0,"19":1,"20":0,"21":1,"22":0,"23":1,"24":0,"25":0,"26":0,"27":0,"28":1,"29":1,"30":1,"31":0,"32":0,"33":0,"34":0,"35":0,"36":0,"37":0,"38":1,"39":0,"40":0,"41":0},"b":{"1":[0,0],"2":[0,0],"3":[0,0],"4":[0,0],"5":[0,0],"6":[0,0],"7":[0,0]},"f":{"1":0,"2":0,"3":0,"4":0,"5":0,"6":0,"7":0,"8":0,"9":0,"10":0,"11":0,"12":0,"13":0,"14":0},"fnMap":{"1":{"name":"_load_url","line":15,"loc":{"start":{"line":15,"column":0},"end":{"line":15,"column":21}}},"2":{"name":"(anonymous_2)","line":20,"loc":{"start":{"line":20,"column":21},"end":{"line":20,"column":29}}},"3":{"name":"getDefaultChannelName","line":26,"loc":{"start":{"line":26,"column":0},"end":{"line":26,"column":33}}},"4":{"name":"getChannelFilePrefix","line":29,"loc":{"start":{"line":29,"column":0},"end":{"line":29,"column":32}}},"5":{"name":"getCustomChannelName","line":32,"loc":{"start":{"line":32,"column":0},"end":{"line":32,"column":39}}},"6":{"name":"getCurrentPlatform","line":35,"loc":{"start":{"line":35,"column":0},"end":{"line":35,"column":30}}},"7":{"name":"getChannelFilename","line":38,"loc":{"start":{"line":38,"column":0},"end":{"line":38,"column":37}}},"8":{"name":"(anonymous_8)","line":43,"loc":{"start":{"line":43,"column":15},"end":{"line":43,"column":25}}},"9":{"name":"(anonymous_9)","line":46,"loc":{"start":{"line":46,"column":12},"end":{"line":46,"column":22}}},"10":{"name":"(anonymous_10)","line":49,"loc":{"start":{"line":49,"column":20},"end":{"line":49,"column":30}}},"11":{"name":"(anonymous_11)","line":52,"loc":{"start":{"line":52,"column":19},"end":{"line":52,"column":29}}},"12":{"name":"addHandler","line":58,"loc":{"start":{"line":58,"column":0},"end":{"line":58,"column":45}}},"13":{"name":"(anonymous_13)","line":60,"loc":{"start":{"line":60,"column":26},"end":{"line":60,"column":38}}},"14":{"name":"formatUrl","line":73,"loc":{"start":{"line":73,"column":0},"end":{"line":73,"column":24}}}},"statementMap":{"1":{"start":{"line":3,"column":0},"end":{"line":5,"column":3}},"2":{"start":{"line":6,"column":0},"end":{"line":6,"column":81}},"3":{"start":{"line":7,"column":0},"end":{"line":7,"column":54}},"4":{"start":{"line":8,"column":0},"end":{"line":8,"column":52}},"5":{"start":{"line":9,"column":0},"end":{"line":9,"column":48}},"6":{"start":{"line":10,"column":0},"end":{"line":10,"column":48}},"7":{"start":{"line":11,"column":0},"end":{"line":11,"column":30}},"8":{"start":{"line":13,"column":0},"end":{"line":13,"column":9}},"9":{"start":{"line":15,"column":0},"end":{"line":17,"column":1}},"10":{"start":{"line":16,"column":4},"end":{"line":16,"column":33}},"11":{"start":{"line":21,"column":8},"end":{"line":21,"column":36}},"12":{"start":{"line":24,"column":0},"end":{"line":24,"column":28}},"13":{"start":{"line":26,"column":0},"end":{"line":28,"column":1}},"14":{"start":{"line":27,"column":4},"end":{"line":27,"column":45}},"15":{"start":{"line":29,"column":0},"end":{"line":31,"column":1}},"16":{"start":{"line":30,"column":4},"end":{"line":30,"column":59}},"17":{"start":{"line":32,"column":0},"end":{"line":34,"column":1}},"18":{"start":{"line":33,"column":4},"end":{"line":33,"column":49}},"19":{"start":{"line":35,"column":0},"end":{"line":37,"column":1}},"20":{"start":{"line":36,"column":4},"end":{"line":36,"column":65}},"21":{"start":{"line":38,"column":0},"end":{"line":40,"column":1}},"22":{"start":{"line":39,"column":4},"end":{"line":39,"column":78}},"23":{"start":{"line":41,"column":0},"end":{"line":41,"column":74}},"24":{"start":{"line":44,"column":8},"end":{"line":44,"column":31}},"25":{"start":{"line":47,"column":8},"end":{"line":47,"column":61}},"26":{"start":{"line":50,"column":8},"end":{"line":50,"column":63}},"27":{"start":{"line":53,"column":8},"end":{"line":53,"column":62}},"28":{"start":{"line":56,"column":0},"end":{"line":56,"column":38}},"29":{"start":{"line":57,"column":0},"end":{"line":57,"column":25}},"30":{"start":{"line":58,"column":0},"end":{"line":71,"column":1}},"31":{"start":{"line":59,"column":4},"end":{"line":70,"column":5}},"32":{"start":{"line":60,"column":8},"end":{"line":67,"column":11}},"33":{"start":{"line":61,"column":12},"end":{"line":63,"column":13}},"34":{"start":{"line":62,"column":16},"end":{"line":62,"column":45}},"35":{"start":{"line":65,"column":12},"end":{"line":65,"column":46}},"36":{"start":{"line":66,"column":12},"end":{"line":66,"column":38}},"37":{"start":{"line":69,"column":8},"end":{"line":69,"column":35}},"38":{"start":{"line":73,"column":0},"end":{"line":78,"column":1}},"39":{"start":{"line":74,"column":4},"end":{"line":76,"column":5}},"40":{"start":{"line":75,"column":8},"end":{"line":75,"column":32}},"41":{"start":{"line":77,"column":4},"end":{"line":77,"column":50}}},"branchMap":{"1":{"line":30,"type":"cond-expr","locations":[{"start":{"line":30,"column":47},"end":{"line":30,"column":53}},{"start":{"line":30,"column":56},"end":{"line":30,"column":58}}]},"2":{"line":36,"type":"binary-expr","locations":[{"start":{"line":36,"column":11},"end":{"line":36,"column":44}},{"start":{"line":36,"column":48},"end":{"line":36,"column":64}}]},"3":{"line":39,"type":"cond-expr","locations":[{"start":{"line":39,"column":61},"end":{"line":39,"column":67}},{"start":{"line":39,"column":70},"end":{"line":39,"column":75}}]},"4":{"line":59,"type":"if","locations":[{"start":{"line":59,"column":4},"end":{"line":59,"column":4}},{"start":{"line":59,"column":4},"end":{"line":59,"column":4}}]},"5":{"line":74,"type":"if","locations":[{"start":{"line":74,"column":4},"end":{"line":74,"column":4}},{"start":{"line":74,"column":4},"end":{"line":74,"column":4}}]},"6":{"line":74,"type":"binary-expr","locations":[{"start":{"line":74,"column":8},"end":{"line":74,"column":24}},{"start":{"line":74,"column":28},"end":{"line":74,"column":48}}]},"7":{"line":77,"type":"binary-expr","locations":[{"start":{"line":77,"column":16},"end":{"line":77,"column":20}},{"start":{"line":77,"column":24},"end":{"line":77,"column":35}}]}},"code":["\"use strict\";","","Object.defineProperty(exports, \"__esModule\", {","    value: true","});","exports.UpdaterSignal = exports.DOWNLOAD_PROGRESS = exports.Provider = undefined;","exports.getDefaultChannelName = getDefaultChannelName;","exports.getCustomChannelName = getCustomChannelName;","exports.getCurrentPlatform = getCurrentPlatform;","exports.getChannelFilename = getChannelFilename;","exports.formatUrl = formatUrl;","","var _url;","","function _load_url() {","    return _url = require(\"url\");","}","","class Provider {","    setRequestHeaders(value) {","        this.requestHeaders = value;","    }","}","exports.Provider = Provider; // due to historical reasons for windows we use channel name without platform specifier","","function getDefaultChannelName() {","    return `latest${getChannelFilePrefix()}`;","}","function getChannelFilePrefix() {","    return getCurrentPlatform() === \"darwin\" ? \"-mac\" : \"\";","}","function getCustomChannelName(channel) {","    return `${channel}${getChannelFilePrefix()}`;","}","function getCurrentPlatform() {","    return process.env.TEST_UPDATER_PLATFORM || process.platform;","}","function getChannelFilename(channel) {","    return `${channel}.${getCurrentPlatform() === \"darwin\" ? \"json\" : \"yml\"}`;","}","const DOWNLOAD_PROGRESS = exports.DOWNLOAD_PROGRESS = \"download-progress\";","class UpdaterSignal {","    constructor(emitter) {","        this.emitter = emitter;","    }","    progress(handler) {","        addHandler(this.emitter, DOWNLOAD_PROGRESS, handler);","    }","    updateDownloaded(handler) {","        addHandler(this.emitter, \"update-downloaded\", handler);","    }","    updateCancelled(handler) {","        addHandler(this.emitter, \"update-cancelled\", handler);","    }","}","exports.UpdaterSignal = UpdaterSignal;","const isLogEvent = false;","function addHandler(emitter, event, handler) {","    if (isLogEvent) {","        emitter.on(event, function () {","            for (var _len = arguments.length, args = Array(_len), _key = 0; _key < _len; _key++) {","                args[_key] = arguments[_key];","            }","","            console.log(\"%s %s\", event, args);","            handler.apply(null, args);","        });","    } else {","        emitter.on(event, handler);","    }","}","// url.format doesn't correctly use path and requires explicit pathname","function formatUrl(url) {","    if (url.path != null && url.pathname == null) {","        url.pathname = url.path;","    }","    return (0, (_url || _load_url()).format)(url);","}","//# sourceMappingURL=api.js.map"],"l":{"3":1,"6":1,"7":1,"8":1,"9":1,"10":1,"11":1,"13":1,"15":1,"16":0,"21":0,"24":1,"26":1,"27":0,"29":1,"30":0,"32":1,"33":0,"35":1,"36":0,"38":1,"39":0,"41":1,"44":0,"47":0,"50":0,"53":0,"56":1,"57":1,"58":1,"59":0,"60":0,"61":0,"62":0,"65":0,"66":0,"69":0,"73":1,"74":0,"75":0,"77":0}},"/home/travis/build/npmtest/node-npmtest-electron-updater/node_modules/electron-updater/out/AppUpdater.js":{"path":"/home/travis/build/npmtest/node-npmtest-electron-updater/node_modules/electron-updater/out/AppUpdater.js","s":{"1":1,"2":1,"3":1,"4":1,"5":0,"6":1,"7":1,"8":0,"9":1,"10":1,"11":0,"12":1,"13":1,"14":0,"15":1,"16":1,"17":0,"18":1,"19":1,"20":1,"21":1,"22":1,"23":0,"24":1,"25":1,"26":0,"27":1,"28":1,"29":1,"30":0,"31":1,"32":1,"33":1,"34":0,"35":1,"36":1,"37":0,"38":1,"39":1,"40":0,"41":1,"42":1,"43":0,"44":1,"45":1,"46":0,"47":1,"48":1,"49":0,"50":1,"51":1,"52":0,"53":1,"54":1,"55":1,"56":15,"57":15,"58":1,"59":1,"60":1,"61":0,"62":0,"63":0,"64":0,"65":0,"66":0,"67":0,"68":0,"69":0,"70":0,"71":0,"72":0,"73":0,"74":0,"75":0,"76":0,"77":0,"78":0,"79":0,"80":0,"81":0,"82":0,"83":0,"84":0,"85":0,"86":0,"87":0,"88":0,"89":0,"90":0,"91":0,"92":0,"93":0,"94":0,"95":0,"96":0,"97":0,"98":0,"99":0,"100":0,"101":0,"102":0,"103":0,"104":0,"105":0,"106":0,"107":0,"108":0,"109":0,"110":0,"111":0,"112":0,"113":0,"114":0,"115":0,"116":0,"117":0,"118":0,"119":0,"120":0,"121":0,"122":0,"123":0,"124":0,"125":0,"126":0,"127":0,"128":0,"129":0,"130":0,"131":0,"132":0,"133":0,"134":0,"135":0,"136":0,"137":0,"138":0,"139":0,"140":0,"141":0,"142":0,"143":0,"144":0,"145":0,"146":0,"147":0,"148":0,"149":0,"150":0,"151":0,"152":0,"153":0,"154":0,"155":0,"156":0,"157":0,"158":0,"159":0,"160":0,"161":0,"162":0,"163":0,"164":0,"165":0,"166":0,"167":0,"168":0,"169":0,"170":0,"171":0,"172":0,"173":0,"174":0,"175":0,"176":0,"177":0,"178":0,"179":0,"180":0,"181":0,"182":0,"183":0,"184":0,"185":0,"186":0,"187":0,"188":1},"b":{"1":[0,1],"2":[1,1],"3":[1,0],"4":[15,0],"5":[0,0],"6":[0,0],"7":[1,1],"8":[0,0],"9":[0,0],"10":[0,0],"11":[0,0],"12":[0,0],"13":[0,0],"14":[0,0],"15":[0,0],"16":[0,0],"17":[0,0],"18":[0,0],"19":[0,0],"20":[0,0],"21":[0,0],"22":[0,0],"23":[0,0],"24":[0,0],"25":[0,0],"26":[0,0],"27":[0,0],"28":[0,0],"29":[0,0],"30":[0,0],"31":[0,0],"32":[0,0],"33":[0,0],"34":[0,0],"35":[0,0],"36":[0,0],"37":[0,0],"38":[0,0],"39":[0,0],"40":[0,0],"41":[0,0],"42":[0,0],"43":[0,0],"44":[0,0],"45":[0,0],"46":[0,0],"47":[0,0],"48":[0,0],"49":[0,0],"50":[0,0],"51":[0,0],"52":[0,0],"53":[0,0],"54":[0,0],"55":[0,0],"56":[0,0],"57":[0,0],"58":[0,0],"59":[0,0],"60":[0,0],"61":[0,0],"62":[0,0],"63":[0,0,0,0,0],"64":[0,0],"65":[0,0],"66":[0,0],"67":[0,0],"68":[0,0],"69":[0,0],"70":[0,0],"71":[0,0],"72":[0,0],"73":[0,0]},"f":{"1":0,"2":0,"3":0,"4":0,"5":0,"6":1,"7":0,"8":0,"9":0,"10":0,"11":0,"12":0,"13":0,"14":0,"15":0,"16":1,"17":0,"18":0,"19":0,"20":0,"21":0,"22":0,"23":0,"24":0,"25":0,"26":0,"27":0,"28":0,"29":0,"30":0,"31":0,"32":0,"33":0,"34":0,"35":0},"fnMap":{"1":{"name":"_load_bluebirdLst","line":10,"loc":{"start":{"line":10,"column":0},"end":{"line":10,"column":29}}},"2":{"name":"_load_bluebirdLst2","line":16,"loc":{"start":{"line":16,"column":0},"end":{"line":16,"column":30}}},"3":{"name":"_load_electronBuilderHttp","line":22,"loc":{"start":{"line":22,"column":0},"end":{"line":22,"column":37}}},"4":{"name":"_load_CancellationToken","line":28,"loc":{"start":{"line":28,"column":0},"end":{"line":28,"column":35}}},"5":{"name":"_load_publishOptions","line":34,"loc":{"start":{"line":34,"column":0},"end":{"line":34,"column":32}}},"6":{"name":"_load_events","line":40,"loc":{"start":{"line":40,"column":0},"end":{"line":40,"column":24}}},"7":{"name":"_load_fsExtraP","line":46,"loc":{"start":{"line":46,"column":0},"end":{"line":46,"column":26}}},"8":{"name":"_load_jsYaml","line":52,"loc":{"start":{"line":52,"column":0},"end":{"line":52,"column":24}}},"9":{"name":"_load_semver","line":60,"loc":{"start":{"line":60,"column":0},"end":{"line":60,"column":24}}},"10":{"name":"_load_api","line":68,"loc":{"start":{"line":68,"column":0},"end":{"line":68,"column":21}}},"11":{"name":"_load_BintrayProvider","line":74,"loc":{"start":{"line":74,"column":0},"end":{"line":74,"column":33}}},"12":{"name":"_load_electronHttpExecutor","line":80,"loc":{"start":{"line":80,"column":0},"end":{"line":80,"column":38}}},"13":{"name":"_load_GenericProvider","line":86,"loc":{"start":{"line":86,"column":0},"end":{"line":86,"column":33}}},"14":{"name":"_load_GitHubProvider","line":92,"loc":{"start":{"line":92,"column":0},"end":{"line":92,"column":32}}},"15":{"name":"_load_PrivateGitHubProvider","line":98,"loc":{"start":{"line":98,"column":0},"end":{"line":98,"column":39}}},"16":{"name":"_interopRequireWildcard","line":102,"loc":{"start":{"line":102,"column":0},"end":{"line":102,"column":38}}},"17":{"name":"_interopRequireDefault","line":104,"loc":{"start":{"line":104,"column":0},"end":{"line":104,"column":37}}},"18":{"name":"(anonymous_18)","line":107,"loc":{"start":{"line":107,"column":15},"end":{"line":107,"column":30}}},"19":{"name":"(anonymous_19)","line":171,"loc":{"start":{"line":171,"column":24},"end":{"line":171,"column":32}}},"20":{"name":"(anonymous_20)","line":176,"loc":{"start":{"line":176,"column":14},"end":{"line":176,"column":17}}},"21":{"name":"(anonymous_21)","line":183,"loc":{"start":{"line":183,"column":14},"end":{"line":183,"column":24}}},"22":{"name":"(anonymous_22)","line":196,"loc":{"start":{"line":196,"column":19},"end":{"line":196,"column":22}}},"23":{"name":"(anonymous_23)","line":207,"loc":{"start":{"line":207,"column":20},"end":{"line":207,"column":23}}},"24":{"name":"(anonymous_24)","line":210,"loc":{"start":{"line":210,"column":68},"end":{"line":210,"column":81}}},"25":{"name":"(anonymous_25)","line":224,"loc":{"start":{"line":224,"column":21},"end":{"line":224,"column":24}}},"26":{"name":"(anonymous_26)","line":227,"loc":{"start":{"line":227,"column":68},"end":{"line":227,"column":81}}},"27":{"name":"(anonymous_27)","line":229,"loc":{"start":{"line":229,"column":70},"end":{"line":229,"column":84}}},"28":{"name":"(anonymous_28)","line":265,"loc":{"start":{"line":265,"column":21},"end":{"line":265,"column":45}}},"29":{"name":"(anonymous_29)","line":275,"loc":{"start":{"line":275,"column":18},"end":{"line":275,"column":21}}},"30":{"name":"(anonymous_30)","line":279,"loc":{"start":{"line":279,"column":68},"end":{"line":279,"column":81}}},"31":{"name":"(anonymous_31)","line":299,"loc":{"start":{"line":299,"column":17},"end":{"line":299,"column":21}}},"32":{"name":"(anonymous_32)","line":302,"loc":{"start":{"line":302,"column":20},"end":{"line":302,"column":23}}},"33":{"name":"(anonymous_33)","line":305,"loc":{"start":{"line":305,"column":68},"end":{"line":305,"column":81}}},"34":{"name":"(anonymous_34)","line":312,"loc":{"start":{"line":312,"column":25},"end":{"line":312,"column":36}}},"35":{"name":"(anonymous_35)","line":319,"loc":{"start":{"line":319,"column":16},"end":{"line":319,"column":23}}}},"statementMap":{"1":{"start":{"line":3,"column":0},"end":{"line":5,"column":3}},"2":{"start":{"line":6,"column":0},"end":{"line":6,"column":31}},"3":{"start":{"line":8,"column":0},"end":{"line":8,"column":17}},"4":{"start":{"line":10,"column":0},"end":{"line":12,"column":1}},"5":{"start":{"line":11,"column":4},"end":{"line":11,"column":50}},"6":{"start":{"line":14,"column":0},"end":{"line":14,"column":18}},"7":{"start":{"line":16,"column":0},"end":{"line":18,"column":1}},"8":{"start":{"line":17,"column":4},"end":{"line":17,"column":75}},"9":{"start":{"line":20,"column":0},"end":{"line":20,"column":25}},"10":{"start":{"line":22,"column":0},"end":{"line":24,"column":1}},"11":{"start":{"line":23,"column":4},"end":{"line":23,"column":67}},"12":{"start":{"line":26,"column":0},"end":{"line":26,"column":23}},"13":{"start":{"line":28,"column":0},"end":{"line":30,"column":1}},"14":{"start":{"line":29,"column":4},"end":{"line":29,"column":87}},"15":{"start":{"line":32,"column":0},"end":{"line":32,"column":20}},"16":{"start":{"line":34,"column":0},"end":{"line":36,"column":1}},"17":{"start":{"line":35,"column":4},"end":{"line":35,"column":81}},"18":{"start":{"line":38,"column":0},"end":{"line":38,"column":12}},"19":{"start":{"line":40,"column":0},"end":{"line":42,"column":1}},"20":{"start":{"line":41,"column":4},"end":{"line":41,"column":39}},"21":{"start":{"line":44,"column":0},"end":{"line":44,"column":14}},"22":{"start":{"line":46,"column":0},"end":{"line":48,"column":1}},"23":{"start":{"line":47,"column":4},"end":{"line":47,"column":45}},"24":{"start":{"line":50,"column":0},"end":{"line":50,"column":12}},"25":{"start":{"line":52,"column":0},"end":{"line":54,"column":1}},"26":{"start":{"line":53,"column":4},"end":{"line":53,"column":40}},"27":{"start":{"line":56,"column":0},"end":{"line":56,"column":53}},"28":{"start":{"line":58,"column":0},"end":{"line":58,"column":12}},"29":{"start":{"line":60,"column":0},"end":{"line":62,"column":1}},"30":{"start":{"line":61,"column":4},"end":{"line":61,"column":39}},"31":{"start":{"line":64,"column":0},"end":{"line":64,"column":39}},"32":{"start":{"line":66,"column":0},"end":{"line":66,"column":9}},"33":{"start":{"line":68,"column":0},"end":{"line":70,"column":1}},"34":{"start":{"line":69,"column":4},"end":{"line":69,"column":35}},"35":{"start":{"line":72,"column":0},"end":{"line":72,"column":21}},"36":{"start":{"line":74,"column":0},"end":{"line":76,"column":1}},"37":{"start":{"line":75,"column":4},"end":{"line":75,"column":59}},"38":{"start":{"line":78,"column":0},"end":{"line":78,"column":26}},"39":{"start":{"line":80,"column":0},"end":{"line":82,"column":1}},"40":{"start":{"line":81,"column":4},"end":{"line":81,"column":69}},"41":{"start":{"line":84,"column":0},"end":{"line":84,"column":21}},"42":{"start":{"line":86,"column":0},"end":{"line":88,"column":1}},"43":{"start":{"line":87,"column":4},"end":{"line":87,"column":59}},"44":{"start":{"line":90,"column":0},"end":{"line":90,"column":20}},"45":{"start":{"line":92,"column":0},"end":{"line":94,"column":1}},"46":{"start":{"line":93,"column":4},"end":{"line":93,"column":57}},"47":{"start":{"line":96,"column":0},"end":{"line":96,"column":27}},"48":{"start":{"line":98,"column":0},"end":{"line":100,"column":1}},"49":{"start":{"line":99,"column":4},"end":{"line":99,"column":71}},"50":{"start":{"line":102,"column":0},"end":{"line":102,"column":269}},"51":{"start":{"line":102,"column":40},"end":{"line":102,"column":267}},"52":{"start":{"line":102,"column":69},"end":{"line":102,"column":80}},"53":{"start":{"line":102,"column":90},"end":{"line":102,"column":106}},"54":{"start":{"line":102,"column":107},"end":{"line":102,"column":228}},"55":{"start":{"line":102,"column":126},"end":{"line":102,"column":226}},"56":{"start":{"line":102,"column":149},"end":{"line":102,"column":224}},"57":{"start":{"line":102,"column":201},"end":{"line":102,"column":224}},"58":{"start":{"line":102,"column":229},"end":{"line":102,"column":250}},"59":{"start":{"line":102,"column":251},"end":{"line":102,"column":265}},"60":{"start":{"line":104,"column":0},"end":{"line":104,"column":95}},"61":{"start":{"line":104,"column":39},"end":{"line":104,"column":93}},"62":{"start":{"line":108,"column":8},"end":{"line":108,"column":16}},"63":{"start":{"line":112,"column":8},"end":{"line":112,"column":33}},"64":{"start":{"line":118,"column":8},"end":{"line":118,"column":37}},"65":{"start":{"line":123,"column":8},"end":{"line":123,"column":36}},"66":{"start":{"line":128,"column":8},"end":{"line":128,"column":57}},"67":{"start":{"line":132,"column":8},"end":{"line":132,"column":69}},"68":{"start":{"line":133,"column":8},"end":{"line":133,"column":37}},"69":{"start":{"line":134,"column":8},"end":{"line":138,"column":11}},"70":{"start":{"line":135,"column":12},"end":{"line":137,"column":13}},"71":{"start":{"line":136,"column":16},"end":{"line":136,"column":76}},"72":{"start":{"line":139,"column":8},"end":{"line":158,"column":9}},"73":{"start":{"line":140,"column":12},"end":{"line":140,"column":48}},"74":{"start":{"line":141,"column":12},"end":{"line":141,"column":91}},"75":{"start":{"line":143,"column":12},"end":{"line":143,"column":47}},"76":{"start":{"line":144,"column":12},"end":{"line":144,"column":179}},"77":{"start":{"line":145,"column":12},"end":{"line":157,"column":15}},"78":{"start":{"line":146,"column":16},"end":{"line":156,"column":17}},"79":{"start":{"line":147,"column":20},"end":{"line":149,"column":21}},"80":{"start":{"line":148,"column":24},"end":{"line":148,"column":57}},"81":{"start":{"line":150,"column":20},"end":{"line":150,"column":30}},"82":{"start":{"line":152,"column":20},"end":{"line":154,"column":21}},"83":{"start":{"line":153,"column":24},"end":{"line":153,"column":63}},"84":{"start":{"line":155,"column":20},"end":{"line":155,"column":50}},"85":{"start":{"line":159,"column":8},"end":{"line":159,"column":59}},"86":{"start":{"line":160,"column":8},"end":{"line":160,"column":91}},"87":{"start":{"line":161,"column":8},"end":{"line":163,"column":9}},"88":{"start":{"line":162,"column":12},"end":{"line":162,"column":97}},"89":{"start":{"line":164,"column":8},"end":{"line":164,"column":108}},"90":{"start":{"line":165,"column":8},"end":{"line":165,"column":106}},"91":{"start":{"line":166,"column":8},"end":{"line":166,"column":51}},"92":{"start":{"line":167,"column":8},"end":{"line":169,"column":9}},"93":{"start":{"line":168,"column":12},"end":{"line":168,"column":37}},"94":{"start":{"line":172,"column":8},"end":{"line":172,"column":34}},"95":{"start":{"line":173,"column":8},"end":{"line":173,"column":42}},"96":{"start":{"line":177,"column":8},"end":{"line":177,"column":44}},"97":{"start":{"line":185,"column":8},"end":{"line":185,"column":19}},"98":{"start":{"line":186,"column":8},"end":{"line":190,"column":9}},"99":{"start":{"line":187,"column":12},"end":{"line":187,"column":126}},"100":{"start":{"line":189,"column":12},"end":{"line":189,"column":48}},"101":{"start":{"line":191,"column":8},"end":{"line":191,"column":93}},"102":{"start":{"line":197,"column":8},"end":{"line":197,"column":65}},"103":{"start":{"line":198,"column":8},"end":{"line":200,"column":9}},"104":{"start":{"line":199,"column":12},"end":{"line":199,"column":42}},"105":{"start":{"line":201,"column":8},"end":{"line":201,"column":57}},"106":{"start":{"line":202,"column":8},"end":{"line":202,"column":61}},"107":{"start":{"line":203,"column":8},"end":{"line":203,"column":72}},"108":{"start":{"line":203,"column":37},"end":{"line":203,"column":71}},"109":{"start":{"line":204,"column":8},"end":{"line":204,"column":74}},"110":{"start":{"line":205,"column":8},"end":{"line":205,"column":38}},"111":{"start":{"line":208,"column":8},"end":{"line":208,"column":25}},"112":{"start":{"line":210,"column":8},"end":{"line":222,"column":13}},"113":{"start":{"line":211,"column":12},"end":{"line":221,"column":13}},"114":{"start":{"line":212,"column":16},"end":{"line":212,"column":42}},"115":{"start":{"line":213,"column":16},"end":{"line":215,"column":17}},"116":{"start":{"line":214,"column":20},"end":{"line":214,"column":61}},"117":{"start":{"line":216,"column":16},"end":{"line":216,"column":50}},"118":{"start":{"line":217,"column":16},"end":{"line":217,"column":55}},"119":{"start":{"line":219,"column":16},"end":{"line":219,"column":97}},"120":{"start":{"line":220,"column":16},"end":{"line":220,"column":24}},"121":{"start":{"line":225,"column":8},"end":{"line":225,"column":26}},"122":{"start":{"line":227,"column":8},"end":{"line":263,"column":13}},"123":{"start":{"line":228,"column":12},"end":{"line":232,"column":13}},"124":{"start":{"line":229,"column":16},"end":{"line":231,"column":19}},"125":{"start":{"line":230,"column":20},"end":{"line":230,"column":51}},"126":{"start":{"line":233,"column":12},"end":{"line":233,"column":54}},"127":{"start":{"line":234,"column":12},"end":{"line":234,"column":60}},"128":{"start":{"line":235,"column":12},"end":{"line":235,"column":64}},"129":{"start":{"line":236,"column":12},"end":{"line":236,"column":94}},"130":{"start":{"line":237,"column":12},"end":{"line":239,"column":13}},"131":{"start":{"line":238,"column":16},"end":{"line":238,"column":118}},"132":{"start":{"line":240,"column":12},"end":{"line":249,"column":13}},"133":{"start":{"line":241,"column":16},"end":{"line":241,"column":47}},"134":{"start":{"line":242,"column":16},"end":{"line":244,"column":17}},"135":{"start":{"line":243,"column":20},"end":{"line":243,"column":210}},"136":{"start":{"line":245,"column":16},"end":{"line":245,"column":65}},"137":{"start":{"line":246,"column":16},"end":{"line":248,"column":18}},"138":{"start":{"line":250,"column":12},"end":{"line":250,"column":69}},"139":{"start":{"line":251,"column":12},"end":{"line":251,"column":42}},"140":{"start":{"line":252,"column":12},"end":{"line":252,"column":45}},"141":{"start":{"line":253,"column":12},"end":{"line":253,"column":39}},"142":{"start":{"line":254,"column":12},"end":{"line":254,"column":60}},"143":{"start":{"line":255,"column":12},"end":{"line":255,"column":112}},"144":{"start":{"line":257,"column":12},"end":{"line":262,"column":14}},"145":{"start":{"line":266,"column":8},"end":{"line":268,"column":9}},"146":{"start":{"line":267,"column":12},"end":{"line":267,"column":92}},"147":{"start":{"line":269,"column":8},"end":{"line":269,"column":51}},"148":{"start":{"line":276,"column":8},"end":{"line":276,"column":26}},"149":{"start":{"line":278,"column":8},"end":{"line":278,"column":174}},"150":{"start":{"line":279,"column":8},"end":{"line":297,"column":13}},"151":{"start":{"line":280,"column":12},"end":{"line":280,"column":51}},"152":{"start":{"line":281,"column":12},"end":{"line":281,"column":45}},"153":{"start":{"line":282,"column":12},"end":{"line":287,"column":13}},"154":{"start":{"line":283,"column":16},"end":{"line":283,"column":60}},"155":{"start":{"line":284,"column":16},"end":{"line":284,"column":49}},"156":{"start":{"line":285,"column":16},"end":{"line":285,"column":53}},"157":{"start":{"line":286,"column":16},"end":{"line":286,"column":28}},"158":{"start":{"line":288,"column":12},"end":{"line":290,"column":13}},"159":{"start":{"line":289,"column":16},"end":{"line":289,"column":78}},"160":{"start":{"line":291,"column":12},"end":{"line":296,"column":13}},"161":{"start":{"line":292,"column":16},"end":{"line":292,"column":95}},"162":{"start":{"line":294,"column":16},"end":{"line":294,"column":40}},"163":{"start":{"line":295,"column":16},"end":{"line":295,"column":24}},"164":{"start":{"line":300,"column":8},"end":{"line":300,"column":57}},"165":{"start":{"line":303,"column":8},"end":{"line":303,"column":26}},"166":{"start":{"line":305,"column":8},"end":{"line":310,"column":13}},"167":{"start":{"line":306,"column":12},"end":{"line":308,"column":13}},"168":{"start":{"line":307,"column":16},"end":{"line":307,"column":187}},"169":{"start":{"line":309,"column":12},"end":{"line":309,"column":154}},"170":{"start":{"line":313,"column":8},"end":{"line":313,"column":49}},"171":{"start":{"line":314,"column":8},"end":{"line":316,"column":9}},"172":{"start":{"line":315,"column":12},"end":{"line":315,"column":115}},"173":{"start":{"line":317,"column":8},"end":{"line":317,"column":30}},"174":{"start":{"line":320,"column":8},"end":{"line":322,"column":9}},"175":{"start":{"line":321,"column":12},"end":{"line":321,"column":71}}
[...]
rt":{"line":61,"column":4},"end":{"line":61,"column":59}},"31":{"start":{"line":64,"column":0},"end":{"line":64,"column":20}},"32":{"start":{"line":66,"column":0},"end":{"line":68,"column":1}},"33":{"start":{"line":67,"column":4},"end":{"line":67,"column":57}},"34":{"start":{"line":70,"column":0},"end":{"line":70,"column":269}},"35":{"start":{"line":70,"column":40},"end":{"line":70,"column":267}},"36":{"start":{"line":70,"column":69},"end":{"line":70,"column":80}},"37":{"start":{"line":70,"column":90},"end":{"line":70,"column":106}},"38":{"start":{"line":70,"column":107},"end":{"line":70,"column":228}},"39":{"start":{"line":70,"column":126},"end":{"line":70,"column":226}},"40":{"start":{"line":70,"column":149},"end":{"line":70,"column":224}},"41":{"start":{"line":70,"column":201},"end":{"line":70,"column":224}},"42":{"start":{"line":70,"column":229},"end":{"line":70,"column":250}},"43":{"start":{"line":70,"column":251},"end":{"line":70,"column":265}},"44":{"start":{"line":74,"column":8},"end":{"line":74,"column":41}},"45":{"start":{"line":75,"column":8},"end":{"line":75,"column":27}},"46":{"start":{"line":76,"column":8},"end":{"line":76,"column":154}},"47":{"start":{"line":77,"column":8},"end":{"line":77,"column":45}},"48":{"start":{"line":80,"column":8},"end":{"line":80,"column":25}},"49":{"start":{"line":82,"column":8},"end":{"line":115,"column":13}},"50":{"start":{"line":83,"column":12},"end":{"line":83,"column":44}},"51":{"start":{"line":84,"column":12},"end":{"line":84,"column":112}},"52":{"start":{"line":85,"column":12},"end":{"line":85,"column":130}},"53":{"start":{"line":86,"column":12},"end":{"line":86,"column":89}},"54":{"start":{"line":87,"column":12},"end":{"line":92,"column":21}},"55":{"start":{"line":91,"column":16},"end":{"line":91,"column":46}},"56":{"start":{"line":93,"column":12},"end":{"line":93,"column":23}},"57":{"start":{"line":94,"column":12},"end":{"line":108,"column":13}},"58":{"start":{"line":95,"column":16},"end":{"line":95,"column":133}},"59":{"start":{"line":96,"column":16},"end":{"line":102,"column":17}},"60":{"start":{"line":97,"column":20},"end":{"line":101,"column":21}},"61":{"start":{"line":98,"column":24},"end":{"line":98,"column":52}},"62":{"start":{"line":100,"column":24},"end":{"line":100,"column":83}},"63":{"start":{"line":104,"column":16},"end":{"line":106,"column":17}},"64":{"start":{"line":105,"column":20},"end":{"line":105,"column":181}},"65":{"start":{"line":107,"column":16},"end":{"line":107,"column":24}},"66":{"start":{"line":109,"column":12},"end":{"line":109,"column":90}},"67":{"start":{"line":110,"column":12},"end":{"line":112,"column":13}},"68":{"start":{"line":111,"column":16},"end":{"line":111,"column":145}},"69":{"start":{"line":113,"column":12},"end":{"line":113,"column":35}},"70":{"start":{"line":114,"column":12},"end":{"line":114,"column":26}},"71":{"start":{"line":118,"column":8},"end":{"line":120,"column":10}},"72":{"start":{"line":121,"column":8},"end":{"line":126,"column":11}},"73":{"start":{"line":122,"column":12},"end":{"line":124,"column":13}},"74":{"start":{"line":123,"column":16},"end":{"line":123,"column":60}},"75":{"start":{"line":125,"column":12},"end":{"line":125,"column":80}},"76":{"start":{"line":129,"column":8},"end":{"line":132,"column":32}},"77":{"start":{"line":135,"column":8},"end":{"line":135,"column":26}},"78":{"start":{"line":137,"column":8},"end":{"line":147,"column":13}},"79":{"start":{"line":138,"column":12},"end":{"line":141,"column":31}},"80":{"start":{"line":142,"column":12},"end":{"line":146,"column":13}},"81":{"start":{"line":143,"column":16},"end":{"line":143,"column":140}},"82":{"start":{"line":145,"column":16},"end":{"line":145,"column":201}},"83":{"start":{"line":150,"column":8},"end":{"line":150,"column":76}},"84":{"start":{"line":153,"column":8},"end":{"line":153,"column":26}},"85":{"start":{"line":155,"column":8},"end":{"line":182,"column":13}},"86":{"start":{"line":156,"column":12},"end":{"line":159,"column":14}},"87":{"start":{"line":161,"column":12},"end":{"line":181,"column":13}},"88":{"start":{"line":162,"column":16},"end":{"line":162,"column":41}},"89":{"start":{"line":163,"column":16},"end":{"line":163,"column":55}},"90":{"start":{"line":164,"column":16},"end":{"line":166,"column":29}},"91":{"start":{"line":165,"column":20},"end":{"line":165,"column":43}},"92":{"start":{"line":167,"column":16},"end":{"line":167,"column":121}},"93":{"start":{"line":168,"column":16},"end":{"line":168,"column":39}},"94":{"start":{"line":169,"column":16},"end":{"line":169,"column":28}},"95":{"start":{"line":171,"column":16},"end":{"line":171,"column":121}},"96":{"start":{"line":172,"column":16},"end":{"line":180,"column":18}},"97":{"start":{"line":175,"column":24},"end":{"line":175,"column":47}},"98":{"start":{"line":185,"column":0},"end":{"line":185,"column":54}}},"branchMap":{"1":{"line":70,"type":"if","locations":[{"start":{"line":70,"column":40},"end":{"line":70,"column":40}},{"start":{"line":70,"column":40},"end":{"line":70,"column":40}}]},"2":{"line":70,"type":"binary-expr","locations":[{"start":{"line":70,"column":44},"end":{"line":70,"column":47}},{"start":{"line":70,"column":51},"end":{"line":70,"column":65}}]},"3":{"line":70,"type":"if","locations":[{"start":{"line":70,"column":107},"end":{"line":70,"column":107}},{"start":{"line":70,"column":107},"end":{"line":70,"column":107}}]},"4":{"line":70,"type":"if","locations":[{"start":{"line":70,"column":149},"end":{"line":70,"column":149}},{"start":{"line":70,"column":149},"end":{"line":70,"column":149}}]},"5":{"line":72,"type":"binary-expr","locations":[{"start":{"line":72,"column":37},"end":{"line":72,"column":52}},{"start":{"line":72,"column":56},"end":{"line":72,"column":78}}]},"6":{"line":76,"type":"binary-expr","locations":[{"start":{"line":76,"column":27},"end":{"line":76,"column":36}},{"start":{"line":76,"column":40},"end":{"line":76,"column":56}}]},"7":{"line":76,"type":"binary-expr","locations":[{"start":{"line":76,"column":81},"end":{"line":76,"column":102}},{"start":{"line":76,"column":106},"end":{"line":76,"column":134}}]},"8":{"line":82,"type":"binary-expr","locations":[{"start":{"line":82,"column":20},"end":{"line":82,"column":32}},{"start":{"line":82,"column":36},"end":{"line":82,"column":55}}]},"9":{"line":84,"type":"binary-expr","locations":[{"start":{"line":84,"column":43},"end":{"line":84,"column":61}},{"start":{"line":84,"column":65},"end":{"line":84,"column":90}}]},"10":{"line":85,"type":"binary-expr","locations":[{"start":{"line":85,"column":37},"end":{"line":85,"column":41}},{"start":{"line":85,"column":45},"end":{"line":85,"column":56}}]},"11":{"line":85,"type":"binary-expr","locations":[{"start":{"line":85,"column":83},"end":{"line":85,"column":87}},{"start":{"line":85,"column":91},"end":{"line":85,"column":102}}]},"12":{"line":90,"type":"binary-expr","locations":[{"start":{"line":90,"column":20},"end":{"line":90,"column":24}},{"start":{"line":90,"column":28},"end":{"line":90,"column":39}}]},"13":{"line":95,"type":"binary-expr","locations":[{"start":{"line":95,"column":36},"end":{"line":95,"column":56}},{"start":{"line":95,"column":60},"end":{"line":95,"column":87}}]},"14":{"line":96,"type":"if","locations":[{"start":{"line":96,"column":16},"end":{"line":96,"column":16}},{"start":{"line":96,"column":16},"end":{"line":96,"column":16}}]},"15":{"line":97,"type":"if","locations":[{"start":{"line":97,"column":20},"end":{"line":97,"column":20}},{"start":{"line":97,"column":20},"end":{"line":97,"column":20}}]},"16":{"line":97,"type":"binary-expr","locations":[{"start":{"line":97,"column":29},"end":{"line":97,"column":33}},{"start":{"line":97,"column":37},"end":{"line":97,"column":48}}]},"17":{"line":100,"type":"binary-expr","locations":[{"start":{"line":100,"column":38},"end":{"line":100,"column":45}},{"start":{"line":100,"column":49},"end":{"line":100,"column":63}}]},"18":{"line":104,"type":"if","locations":[{"start":{"line":104,"column":16},"end":{"line":104,"column":16}},{"start":{"line":104,"column":16},"end":{"line":104,"column":16}}]},"19":{"line":104,"type":"binary-expr","locations":[{"start":{"line":104,"column":20},"end":{"line":104,"column":96}},{"start":{"line":104,"column":100},"end":{"line":104,"column":129}}]},"20":{"line":104,"type":"binary-expr","locations":[{"start":{"line":104,"column":34},"end":{"line":104,"column":54}},{"start":{"line":104,"column":58},"end":{"line":104,"column":85}}]},"21":{"line":105,"type":"binary-expr","locations":[{"start":{"line":105,"column":104},"end":{"line":105,"column":108}},{"start":{"line":105,"column":112},"end":{"line":105,"column":123}}]},"22":{"line":105,"type":"binary-expr","locations":[{"start":{"line":105,"column":157},"end":{"line":105,"column":164}},{"start":{"line":105,"column":168},"end":{"line":105,"column":177}}]},"23":{"line":109,"type":"binary-expr","locations":[{"start":{"line":109,"column":17},"end":{"line":109,"column":33}},{"start":{"line":109,"column":37},"end":{"line":109,"column":60}}]},"24":{"line":110,"type":"if","locations":[{"start":{"line":110,"column":12},"end":{"line":110,"column":12}},{"start":{"line":110,"column":12},"end":{"line":110,"column":12}}]},"25":{"line":110,"type":"binary-expr","locations":[{"start":{"line":110,"column":21},"end":{"line":110,"column":25}},{"start":{"line":110,"column":29},"end":{"line":110,"column":40}}]},"26":{"line":111,"type":"binary-expr","locations":[{"start":{"line":111,"column":43},"end":{"line":111,"column":65}},{"start":{"line":111,"column":69},"end":{"line":111,"column":76}}]},"27":{"line":111,"type":"binary-expr","locations":[{"start":{"line":111,"column":82},"end":{"line":111,"column":100}},{"start":{"line":111,"column":104},"end":{"line":111,"column":120}}]},"28":{"line":122,"type":"if","locations":[{"start":{"line":122,"column":12},"end":{"line":122,"column":12}},{"start":{"line":122,"column":12},"end":{"line":122,"column":12}}]},"29":{"line":137,"type":"binary-expr","locations":[{"start":{"line":137,"column":20},"end":{"line":137,"column":32}},{"start":{"line":137,"column":36},"end":{"line":137,"column":55}}]},"30":{"line":143,"type":"binary-expr","locations":[{"start":{"line":143,"column":35},"end":{"line":143,"column":55}},{"start":{"line":143,"column":59},"end":{"line":143,"column":86}}]},"31":{"line":145,"type":"binary-expr","locations":[{"start":{"line":145,"column":81},"end":{"line":145,"column":85}},{"start":{"line":145,"column":89},"end":{"line":145,"column":100}}]},"32":{"line":145,"type":"binary-expr","locations":[{"start":{"line":145,"column":177},"end":{"line":145,"column":184}},{"start":{"line":145,"column":188},"end":{"line":145,"column":197}}]},"33":{"line":155,"type":"binary-expr","locations":[{"start":{"line":155,"column":20},"end":{"line":155,"column":32}},{"start":{"line":155,"column":36},"end":{"line":155,"column":55}}]},"34":{"line":161,"type":"if","locations":[{"start":{"line":161,"column":12},"end":{"line":161,"column":12}},{"start":{"line":161,"column":12},"end":{"line":161,"column":12}}]},"35":{"line":161,"type":"binary-expr","locations":[{"start":{"line":161,"column":21},"end":{"line":161,"column":25}},{"start":{"line":161,"column":29},"end":{"line":161,"column":40}}]},"36":{"line":164,"type":"binary-expr","locations":[{"start":{"line":164,"column":39},"end":{"line":164,"column":43}},{"start":{"line":164,"column":47},"end":{"line":164,"column":58}}]},"37":{"line":167,"type":"binary-expr","locations":[{"start":{"line":167,"column":32},"end":{"line":167,"column":36}},{"start":{"line":167,"column":40},"end":{"line":167,"column":51}}]},"38":{"line":171,"type":"binary-expr","locations":[{"start":{"line":171,"column":29},"end":{"line":171,"column":59}},{"start":{"line":171,"column":63},"end":{"line":171,"column":120}}]}},"code":["\"use strict\";","","Object.defineProperty(exports, \"__esModule\", {","    value: true","});","exports.PrivateGitHubProvider = undefined;","","var _bluebirdLst;","","function _load_bluebirdLst() {","    return _bluebirdLst = require(\"bluebird-lst\");","}","","var _electron;","","function _load_electron() {","    return _electron = require(\"electron\");","}","","var _electronBuilderHttp;","","function _load_electronBuilderHttp() {","    return _electronBuilderHttp = require(\"electron-builder-http\");","}","","var _CancellationToken;","","function _load_CancellationToken() {","    return _CancellationToken = require(\"electron-builder-http/out/CancellationToken\");","}","","var _jsYaml;","","function _load_jsYaml() {","    return _jsYaml = require(\"js-yaml\");","}","","var _path = _interopRequireWildcard(require(\"path\"));","","var _url;","","function _load_url() {","    return _url = require(\"url\");","}","","var _api;","","function _load_api() {","    return _api = require(\"./api\");","}","","var _electronHttpExecutor;","","function _load_electronHttpExecutor() {","    return _electronHttpExecutor = require(\"./electronHttpExecutor\");","}","","var _GenericProvider;","","function _load_GenericProvider() {","    return _GenericProvider = require(\"./GenericProvider\");","}","","var _GitHubProvider;","","function _load_GitHubProvider() {","    return _GitHubProvider = require(\"./GitHubProvider\");","}","","function _interopRequireWildcard(obj) { if (obj && obj.__esModule) { return obj; } else { var newObj = {}; if (obj != null) { for (var key in obj) { if (Object.prototype.hasOwnProperty.call(obj, key)) newObj[key] = obj[key]; } } newObj.default = obj; return newObj; } }","","class PrivateGitHubProvider extends (_GitHubProvider || _load_GitHubProvider()).BaseGitHubProvider {","    constructor(options, token) {","        super(options, \"api.github.com\");","        this.token = token;","        this.netSession = (_electron || _load_electron()).session.fromPartition((_electronHttpExecutor || _load_electronHttpExecutor()).NET_SESSION_NAME);","        this.registerHeaderRemovalListener();","    }","    getLatestVersion() {","        var _this = this;","","        return (0, (_bluebirdLst || _load_bluebirdLst()).coroutine)(function* () {","            const basePath = _this.basePath;","            const cancellationToken = new (_CancellationToken || _load_CancellationToken()).CancellationToken();","            const channelFile = (0, (_api || _load_api()).getChannelFilename)((0, (_api || _load_api()).getDefaultChannelName)());","            const assets = yield _this.getLatestVersionInfo(basePath, cancellationToken);","            const requestOptions = Object.assign({","                headers: _this.configureHeaders(\"application/octet-stream\"),","                session: _this.netSession","            }, (0, (_url || _load_url()).parse)(assets.find(function (it) {","                return it.name == channelFile;","            }).url));","            let result;","            try {","                result = yield (0, (_electronBuilderHttp || _load_electronBuilderHttp()).request)(requestOptions, cancellationToken);","                if (typeof result === \"string\") {","                    if ((0, (_api || _load_api()).getCurrentPlatform)() === \"darwin\") {","                        result = JSON.parse(result);","                    } else {","                        result = (0, (_jsYaml || _load_jsYaml()).safeLoad)(result);","                    }","                }","            } catch (e) {","                if (e instanceof (_electronBuilderHttp || _load_electronBuilderHttp()).HttpError && e.response.statusCode === 404) {","                    throw new Error(`Cannot find ${channelFile} in the latest release artifacts (${(0, (_api || _load_api()).formatUrl)(requestOptions)}): ${e.stack || e.message}`);","                }","                throw e;","            }","            (0, (_GenericProvider || _load_GenericProvider()).validateUpdateInfo)(result);","            if ((0, (_api || _load_api()).getCurrentPlatform)() === \"darwin\") {","                result.releaseJsonUrl = `${_this.options.protocol || \"https\"}://${_this.options.host || \"api.github.com\"}${requestOptions.path}`;","            }","            result.assets = assets;","            return result;","        })();","    }","    registerHeaderRemovalListener() {","        const filter = {","            urls: [\"*://*.amazonaws.com/*\"]","        };","        this.netSession.webRequest.onBeforeSendHeaders(filter, (details, callback) => {","            if (details.requestHeaders.Authorization != null) {","                delete details.requestHeaders.Authorization;","            }","            callback({ cancel: false, requestHeaders: details.requestHeaders });","        });","    }","    configureHeaders(accept) {","        return Object.assign({","            Accept: accept,","            Authorization: `token ${this.token}`","        }, this.requestHeaders);","    }","    getLatestVersionInfo(basePath, cancellationToken) {","        var _this2 = this;","","        return (0, (_bluebirdLst || _load_bluebirdLst()).coroutine)(function* () {","            const requestOptions = Object.assign({","                path: `${basePath}/latest`,","                headers: _this2.configureHeaders(\"application/vnd.github.v3+json\")","            }, _this2.baseUrl);","            try {","                return (yield (0, (_electronBuilderHttp || _load_electronBuilderHttp()).request)(requestOptions, cancellationToken)).assets;","            } catch (e) {","                throw new Error(`Unable to find latest version on GitHub (${(0, (_api || _load_api()).formatUrl)(requestOptions)}), please ensure a production release exists: ${e.stack || e.message}`);","            }","        })();","    }","    get basePath() {","        return `/repos/${this.options.owner}/${this.options.repo}/releases`;","    }","    getUpdateFile(versionInfo) {","        var _this3 = this;","","        return (0, (_bluebirdLst || _load_bluebirdLst()).coroutine)(function* () {","            const headers = {","                Accept: \"application/octet-stream\",","                Authorization: `token ${_this3.token}`","            };","            // space is not supported on GitHub","            if ((0, (_api || _load_api()).getCurrentPlatform)() === \"darwin\") {","                const info = versionInfo;","                const name = info.url.split(\"/\").pop();","                const assetPath = (0, (_url || _load_url()).parse)(versionInfo.assets.find(function (it) {","                    return it.name == name;","                }).url).path;","                info.url = (0, (_api || _load_api()).formatUrl)(Object.assign({ path: `${assetPath}` }, _this3.baseUrl));","                info.headers = headers;","                return info;","            } else {","                const name = versionInfo.githubArtifactName || _path.posix.basename(versionInfo.path).replace(/ /g, \"-\");","                return {","                    name: name,","                    url: versionInfo.assets.find(function (it) {","                        return it.name == name;","                    }).url,","                    sha2: versionInfo.sha2,","                    headers: headers,","                    session: _this3.netSession","                };","            }","        })();","    }","}","exports.PrivateGitHubProvider = PrivateGitHubProvider; //# sourceMappingURL=PrivateGitHubProvider.js.map"],"l":{"3":1,"6":1,"8":1,"10":1,"11":0,"14":1,"16":1,"17":0,"20":1,"22":1,"23":0,"26":1,"28":1,"29":0,"32":1,"34":1,"35":0,"38":1,"40":1,"42":1,"43":0,"46":1,"48":1,"49":0,"52":1,"54":1,"55":0,"58":1,"60":1,"61":0,"64":1,"66":1,"67":1,"70":15,"74":0,"75":0,"76":0,"77":0,"80":0,"82":0,"83":0,"84":0,"85":0,"86":0,"87":0,"91":0,"93":0,"94":0,"95":0,"96":0,"97":0,"98":0,"100":0,"104":0,"105":0,"107":0,"109":0,"110":0,"111":0,"113":0,"114":0,"118":0,"121":0,"122":0,"123":0,"125":0,"129":0,"135":0,"137":0,"138":0,"142":0,"143":0,"145":0,"150":0,"153":0,"155":0,"156":0,"161":0,"162":0,"163":0,"164":0,"165":0,"167":0,"168":0,"169":0,"171":0,"172":0,"175":0,"185":1}}}